[ 2018-04-01T02:23:53+08:00 ] 172.16.252.49 121.41.100.106 GET /
[ log ] 121.41.60.98:2049/ [运行时间：0.009939s][吞吐率：100.61req/s] [内存消耗：463.55kb] [文件加载：41]
[ info ] [ LANG ] /var/www/sea/thinkphp/lang/zh-cn.php
[ info ] [ ROUTE ] array (
  'type' => 'module',
  'module' => 
  array (
    0 => 'sea',
    1 => 'index',
    2 => 'index',
  ),
  'convert' => false,
)
[ info ] [ HEADER ] array (
  'host' => '121.41.60.98:2049',
  'connection' => 'Close',
  'accept-encoding' => 'identity',
)
[ info ] [ PARAM ] array (
)
[ info ] [ SESSION ] INIT array (
  'prefix' => 'sea',
  'type' => 'driver\\session\\Mysql',
  'auto_start' => true,
  'table_name' => 's_session',
)
[ info ] [ DB ] INIT mysql
[ info ] [ LOG ] INIT File
[ sql ] [ DB ] CONNECT:[ UseTime:0.003204s ] mysql:dbname=yuhal;host=118.31.23.98;port=3306;charset=utf8
[ sql ] [ SQL ] SELECT session_data FROM yh_s_session WHERE session_id = 'think_v7708ua99g750jpom4j79qs8i5' AND session_expire > '1522520633' [ RunTime:0.002359s ]

---------------------------------------------------------------
[ 2018-04-01T03:06:06+08:00 ] 172.16.252.49 94.180.248.96 GET /
[ log ] 118.31.23.98:80/ [运行时间：0.011125s][吞吐率：89.89req/s] [内存消耗：463.65kb] [文件加载：41]
[ info ] [ LANG ] /var/www/sea/thinkphp/lang/zh-cn.php
[ info ] [ ROUTE ] array (
  'type' => 'module',
  'module' => 
  array (
    0 => 'sea',
    1 => 'index',
    2 => 'index',
  ),
  'convert' => false,
)
[ info ] [ HEADER ] array (
  'host' => '118.31.23.98:80',
  'user-agent' => 'Mozilla/5.0 (Windows NT 6.1; WOW64) AppleWebKit/537.36 (KHTML, like Gecko) Chrome/52.0.2743.116 Safari/537.36',
  'content-length' => '0',
)
[ info ] [ PARAM ] array (
)
[ info ] [ SESSION ] INIT array (
  'prefix' => 'sea',
  'type' => 'driver\\session\\Mysql',
  'auto_start' => true,
  'table_name' => 's_session',
)
[ info ] [ DB ] INIT mysql
[ info ] [ LOG ] INIT File
[ sql ] [ DB ] CONNECT:[ UseTime:0.003549s ] mysql:dbname=yuhal;host=118.31.23.98;port=3306;charset=utf8
[ sql ] [ SQL ] SELECT session_data FROM yh_s_session WHERE session_id = 'think_jhbr6t9ugrs7qrnt5fg61t8h83' AND session_expire > '1522523166' [ RunTime:0.002646s ]

---------------------------------------------------------------
[ 2018-04-01T03:10:04+08:00 ] 172.16.252.49 59.94.188.19 GET /
[ log ] 118.31.23.98:80/ [运行时间：0.010482s][吞吐率：95.40req/s] [内存消耗：462.84kb] [文件加载：41]
[ info ] [ LANG ] /var/www/sea/thinkphp/lang/zh-cn.php
[ info ] [ ROUTE ] array (
  'type' => 'module',
  'module' => 
  array (
    0 => 'sea',
    1 => 'index',
    2 => 'index',
  ),
  'convert' => false,
)
[ info ] [ HEADER ] array (
  'host' => '118.31.23.98:80',
)
[ info ] [ PARAM ] array (
)
[ info ] [ SESSION ] INIT array (
  'prefix' => 'sea',
  'type' => 'driver\\session\\Mysql',
  'auto_start' => true,
  'table_name' => 's_session',
)
[ info ] [ DB ] INIT mysql
[ info ] [ LOG ] INIT File
[ sql ] [ DB ] CONNECT:[ UseTime:0.003430s ] mysql:dbname=yuhal;host=118.31.23.98;port=3306;charset=utf8
[ sql ] [ SQL ] SELECT session_data FROM yh_s_session WHERE session_id = 'think_f200699k6qh73qpnd4e3hj97p1' AND session_expire > '1522523404' [ RunTime:0.002465s ]

---------------------------------------------------------------
[ 2018-04-01T03:10:55+08:00 ] 172.16.252.49 194.146.203.254 GET /
[ log ] 118.31.23.98:80/ [运行时间：0.009234s][吞吐率：108.30req/s] [内存消耗：463.63kb] [文件加载：41]
[ info ] [ LANG ] /var/www/sea/thinkphp/lang/zh-cn.php
[ info ] [ ROUTE ] array (
  'type' => 'module',
  'module' => 
  array (
    0 => 'sea',
    1 => 'index',
    2 => 'index',
  ),
  'convert' => false,
)
[ info ] [ HEADER ] array (
  'host' => '118.31.23.98:80',
  'user-agent' => 'Mozilla/5.0 (Windows NT 6.1; WOW64) AppleWebKit/537.36 (KHTML, like Gecko) Chrome/51.0.2704.103 Safari/537.36',
  'content-length' => '0',
)
[ info ] [ PARAM ] array (
)
[ info ] [ SESSION ] INIT array (
  'prefix' => 'sea',
  'type' => 'driver\\session\\Mysql',
  'auto_start' => true,
  'table_name' => 's_session',
)
[ info ] [ DB ] INIT mysql
[ info ] [ LOG ] INIT File
[ sql ] [ DB ] CONNECT:[ UseTime:0.002866s ] mysql:dbname=yuhal;host=118.31.23.98;port=3306;charset=utf8
[ sql ] [ SQL ] SELECT session_data FROM yh_s_session WHERE session_id = 'think_eoa1mv87qffmsfan7gfa7ie806' AND session_expire > '1522523455' [ RunTime:0.002014s ]

---------------------------------------------------------------
[ 2018-04-01T03:13:53+08:00 ] 172.16.252.49 177.188.126.217 GET /
[ log ] 118.31.23.98:80/ [运行时间：0.010218s][吞吐率：97.87req/s] [内存消耗：463.65kb] [文件加载：41]
[ info ] [ LANG ] /var/www/sea/thinkphp/lang/zh-cn.php
[ info ] [ ROUTE ] array (
  'type' => 'module',
  'module' => 
  array (
    0 => 'sea',
    1 => 'index',
    2 => 'index',
  ),
  'convert' => false,
)
[ info ] [ HEADER ] array (
  'host' => '118.31.23.98:80',
  'user-agent' => 'Mozilla/5.0 (Windows NT 10.0; WOW64) AppleWebKit/537.36 (KHTML, like Gecko) Chrome/52.0.2743.116 Safari/537.36',
  'content-length' => '0',
)
[ info ] [ PARAM ] array (
)
[ info ] [ SESSION ] INIT array (
  'prefix' => 'sea',
  'type' => 'driver\\session\\Mysql',
  'auto_start' => true,
  'table_name' => 's_session',
)
[ info ] [ DB ] INIT mysql
[ info ] [ LOG ] INIT File
[ sql ] [ DB ] CONNECT:[ UseTime:0.003259s ] mysql:dbname=yuhal;host=118.31.23.98;port=3306;charset=utf8
[ sql ] [ SQL ] SELECT session_data FROM yh_s_session WHERE session_id = 'think_ehcgg75bmv503c23klv0pi90m7' AND session_expire > '1522523633' [ RunTime:0.002295s ]

---------------------------------------------------------------
[ 2018-04-01T03:25:24+08:00 ] 172.16.252.49 197.245.183.121 GET /
[ log ] 118.31.23.98:80/ [运行时间：0.010409s][吞吐率：96.07req/s] [内存消耗：463.65kb] [文件加载：41]
[ info ] [ LANG ] /var/www/sea/thinkphp/lang/zh-cn.php
[ info ] [ ROUTE ] array (
  'type' => 'module',
  'module' => 
  array (
    0 => 'sea',
    1 => 'index',
    2 => 'index',
  ),
  'convert' => false,
)
[ info ] [ HEADER ] array (
  'host' => '118.31.23.98:80',
  'user-agent' => 'Mozilla/5.0 (Windows NT 10.0; WOW64) AppleWebKit/537.36 (KHTML, like Gecko) Chrome/52.0.2743.116 Safari/537.36',
  'content-length' => '0',
)
[ info ] [ PARAM ] array (
)
[ info ] [ SESSION ] INIT array (
  'prefix' => 'sea',
  'type' => 'driver\\session\\Mysql',
  'auto_start' => true,
  'table_name' => 's_session',
)
[ info ] [ DB ] INIT mysql
[ info ] [ LOG ] INIT File
[ sql ] [ DB ] CONNECT:[ UseTime:0.003447s ] mysql:dbname=yuhal;host=118.31.23.98;port=3306;charset=utf8
[ sql ] [ SQL ] SELECT session_data FROM yh_s_session WHERE session_id = 'think_1rk96qdb6619gvhs8eoom0bvc6' AND session_expire > '1522524324' [ RunTime:0.002443s ]

---------------------------------------------------------------
[ 2018-04-01T03:26:15+08:00 ] 172.16.252.49 177.45.125.166 GET /
[ log ] 118.31.23.98:80/ [运行时间：0.009079s][吞吐率：110.14req/s] [内存消耗：463.63kb] [文件加载：41]
[ info ] [ LANG ] /var/www/sea/thinkphp/lang/zh-cn.php
[ info ] [ ROUTE ] array (
  'type' => 'module',
  'module' => 
  array (
    0 => 'sea',
    1 => 'index',
    2 => 'index',
  ),
  'convert' => false,
)
[ info ] [ HEADER ] array (
  'host' => '118.31.23.98:80',
  'user-agent' => 'Mozilla/5.0 (Windows NT 6.1; WOW64) AppleWebKit/537.36 (KHTML, like Gecko) Chrome/52.0.2743.116 Safari/537.36',
  'content-length' => '0',
)
[ info ] [ PARAM ] array (
)
[ info ] [ SESSION ] INIT array (
  'prefix' => 'sea',
  'type' => 'driver\\session\\Mysql',
  'auto_start' => true,
  'table_name' => 's_session',
)
[ info ] [ DB ] INIT mysql
[ info ] [ LOG ] INIT File
[ sql ] [ DB ] CONNECT:[ UseTime:0.002826s ] mysql:dbname=yuhal;host=118.31.23.98;port=3306;charset=utf8
[ sql ] [ SQL ] SELECT session_data FROM yh_s_session WHERE session_id = 'think_72v00m0t0ssrsi8qtbi9irnmf1' AND session_expire > '1522524375' [ RunTime:0.002005s ]

---------------------------------------------------------------
[ 2018-04-01T03:28:48+08:00 ] 172.16.252.49 104.12.61.114 GET /
[ log ] 118.31.23.98:80/ [运行时间：0.009969s][吞吐率：100.31req/s] [内存消耗：463.65kb] [文件加载：41]
[ info ] [ LANG ] /var/www/sea/thinkphp/lang/zh-cn.php
[ info ] [ ROUTE ] array (
  'type' => 'module',
  'module' => 
  array (
    0 => 'sea',
    1 => 'index',
    2 => 'index',
  ),
  'convert' => false,
)
[ info ] [ HEADER ] array (
  'host' => '118.31.23.98:80',
  'user-agent' => 'Mozilla/5.0 (Windows NT 10.0; WOW64) AppleWebKit/537.36 (KHTML, like Gecko) Chrome/51.0.2704.103 Safari/537.36',
  'content-length' => '0',
)
[ info ] [ PARAM ] array (
)
[ info ] [ SESSION ] INIT array (
  'prefix' => 'sea',
  'type' => 'driver\\session\\Mysql',
  'auto_start' => true,
  'table_name' => 's_session',
)
[ info ] [ DB ] INIT mysql
[ info ] [ LOG ] INIT File
[ sql ] [ DB ] CONNECT:[ UseTime:0.003190s ] mysql:dbname=yuhal;host=118.31.23.98;port=3306;charset=utf8
[ sql ] [ SQL ] SELECT session_data FROM yh_s_session WHERE session_id = 'think_uqdsu01cf4rnga8rv6irp5oos1' AND session_expire > '1522524528' [ RunTime:0.002304s ]

---------------------------------------------------------------
[ 2018-04-01T03:30:18+08:00 ] 172.16.252.49 80.66.223.147 GET /
[ log ] 118.31.23.98:80/ [运行时间：0.011500s][吞吐率：86.96req/s] [内存消耗：463.65kb] [文件加载：41]
[ info ] [ LANG ] /var/www/sea/thinkphp/lang/zh-cn.php
[ info ] [ ROUTE ] array (
  'type' => 'module',
  'module' => 
  array (
    0 => 'sea',
    1 => 'index',
    2 => 'index',
  ),
  'convert' => false,
)
[ info ] [ HEADER ] array (
  'host' => '118.31.23.98:80',
  'user-agent' => 'Mozilla/5.0 (Windows NT 10.0; WOW64) AppleWebKit/537.36 (KHTML, like Gecko) Chrome/52.0.2743.116 Safari/537.36',
  'content-length' => '0',
)
[ info ] [ PARAM ] array (
)
[ info ] [ SESSION ] INIT array (
  'prefix' => 'sea',
  'type' => 'driver\\session\\Mysql',
  'auto_start' => true,
  'table_name' => 's_session',
)
[ info ] [ DB ] INIT mysql
[ info ] [ LOG ] INIT File
[ sql ] [ DB ] CONNECT:[ UseTime:0.004015s ] mysql:dbname=yuhal;host=118.31.23.98;port=3306;charset=utf8
[ sql ] [ SQL ] SELECT session_data FROM yh_s_session WHERE session_id = 'think_ld8jhmg8ah8shkdu6ip60c3iq7' AND session_expire > '1522524618' [ RunTime:0.002950s ]

---------------------------------------------------------------
[ 2018-04-01T03:47:13+08:00 ] 172.16.252.49 103.238.202.243 GET /
[ log ] 118.31.23.98:80/ [运行时间：0.011191s][吞吐率：89.36req/s] [内存消耗：463.65kb] [文件加载：41]
[ info ] [ LANG ] /var/www/sea/thinkphp/lang/zh-cn.php
[ info ] [ ROUTE ] array (
  'type' => 'module',
  'module' => 
  array (
    0 => 'sea',
    1 => 'index',
    2 => 'index',
  ),
  'convert' => false,
)
[ info ] [ HEADER ] array (
  'host' => '118.31.23.98:80',
  'user-agent' => 'Mozilla/5.0 (Windows NT 6.1; WOW64) AppleWebKit/537.36 (KHTML, like Gecko) Chrome/51.0.2704.103 Safari/537.36',
  'content-length' => '0',
)
[ info ] [ PARAM ] array (
)
[ info ] [ SESSION ] INIT array (
  'prefix' => 'sea',
  'type' => 'driver\\session\\Mysql',
  'auto_start' => true,
  'table_name' => 's_session',
)
[ info ] [ DB ] INIT mysql
[ info ] [ LOG ] INIT File
[ sql ] [ DB ] CONNECT:[ UseTime:0.004259s ] mysql:dbname=yuhal;host=118.31.23.98;port=3306;charset=utf8
[ sql ] [ SQL ] SELECT session_data FROM yh_s_session WHERE session_id = 'think_g6qns2qoc6mgu4oo32ojf8v623' AND session_expire > '1522525633' [ RunTime:0.002289s ]

---------------------------------------------------------------
[ 2018-04-01T04:03:29+08:00 ] 172.16.252.49 94.41.183.159 GET /
[ log ] 118.31.23.98:80/ [运行时间：0.010230s][吞吐率：97.75req/s] [内存消耗：463.65kb] [文件加载：41]
[ info ] [ LANG ] /var/www/sea/thinkphp/lang/zh-cn.php
[ info ] [ ROUTE ] array (
  'type' => 'module',
  'module' => 
  array (
    0 => 'sea',
    1 => 'index',
    2 => 'index',
  ),
  'convert' => false,
)
[ info ] [ HEADER ] array (
  'host' => '118.31.23.98:80',
  'user-agent' => 'Mozilla/5.0 (Windows NT 6.1; WOW64) AppleWebKit/537.36 (KHTML, like Gecko) Chrome/52.0.2743.116 Safari/537.36',
  'content-length' => '0',
)
[ info ] [ PARAM ] array (
)
[ info ] [ SESSION ] INIT array (
  'prefix' => 'sea',
  'type' => 'driver\\session\\Mysql',
  'auto_start' => true,
  'table_name' => 's_session',
)
[ info ] [ DB ] INIT mysql
[ info ] [ LOG ] INIT File
[ sql ] [ DB ] CONNECT:[ UseTime:0.003380s ] mysql:dbname=yuhal;host=118.31.23.98;port=3306;charset=utf8
[ sql ] [ SQL ] SELECT session_data FROM yh_s_session WHERE session_id = 'think_m0f41o8u2m3qfbak406hq4f9h3' AND session_expire > '1522526609' [ RunTime:0.002423s ]

---------------------------------------------------------------
[ 2018-04-01T04:12:36+08:00 ] 172.16.252.49 191.241.50.77 GET /
[ log ] 118.31.23.98:80/ [运行时间：0.010533s][吞吐率：94.94req/s] [内存消耗：463.64kb] [文件加载：41]
[ info ] [ LANG ] /var/www/sea/thinkphp/lang/zh-cn.php
[ info ] [ ROUTE ] array (
  'type' => 'module',
  'module' => 
  array (
    0 => 'sea',
    1 => 'index',
    2 => 'index',
  ),
  'convert' => false,
)
[ info ] [ HEADER ] array (
  'host' => '118.31.23.98:80',
  'user-agent' => 'Mozilla/5.0 (Macintosh; Intel Mac OS X 10_11_6) AppleWebKit/601.7.7 (KHTML, like Gecko) Version/9.1.2 Safari/601.7.7',
  'content-length' => '0',
)
[ info ] [ PARAM ] array (
)
[ info ] [ SESSION ] INIT array (
  'prefix' => 'sea',
  'type' => 'driver\\session\\Mysql',
  'auto_start' => true,
  'table_name' => 's_session',
)
[ info ] [ DB ] INIT mysql
[ info ] [ LOG ] INIT File
[ sql ] [ DB ] CONNECT:[ UseTime:0.003447s ] mysql:dbname=yuhal;host=118.31.23.98;port=3306;charset=utf8
[ sql ] [ SQL ] SELECT session_data FROM yh_s_session WHERE session_id = 'think_3frmr1hv5vtrebr3tt7bb0tqe3' AND session_expire > '1522527156' [ RunTime:0.002539s ]

---------------------------------------------------------------
[ 2018-04-01T04:36:40+08:00 ] 172.16.252.49 85.163.69.206 GET /
[ log ] 118.31.23.98:80/ [运行时间：0.011420s][吞吐率：87.57req/s] [内存消耗：463.64kb] [文件加载：41]
[ info ] [ LANG ] /var/www/sea/thinkphp/lang/zh-cn.php
[ info ] [ ROUTE ] array (
  'type' => 'module',
  'module' => 
  array (
    0 => 'sea',
    1 => 'index',
    2 => 'index',
  ),
  'convert' => false,
)
[ info ] [ HEADER ] array (
  'host' => '118.31.23.98:80',
  'user-agent' => 'Mozilla/5.0 (Macintosh; Intel Mac OS X 10_11_6) AppleWebKit/601.7.7 (KHTML, like Gecko) Version/9.1.2 Safari/601.7.7',
  'content-length' => '0',
)
[ info ] [ PARAM ] array (
)
[ info ] [ SESSION ] INIT array (
  'prefix' => 'sea',
  'type' => 'driver\\session\\Mysql',
  'auto_start' => true,
  'table_name' => 's_session',
)
[ info ] [ DB ] INIT mysql
[ info ] [ LOG ] INIT File
[ sql ] [ DB ] CONNECT:[ UseTime:0.004121s ] mysql:dbname=yuhal;host=118.31.23.98;port=3306;charset=utf8
[ sql ] [ SQL ] SELECT session_data FROM yh_s_session WHERE session_id = 'think_c7st1rninibo7i77t56gv0i2r4' AND session_expire > '1522528600' [ RunTime:0.002858s ]

---------------------------------------------------------------
[ 2018-04-01T04:41:25+08:00 ] 172.16.252.49 152.249.196.166 GET /
[ log ] 118.31.23.98:80/ [运行时间：0.011069s][吞吐率：90.34req/s] [内存消耗：463.64kb] [文件加载：41]
[ info ] [ LANG ] /var/www/sea/thinkphp/lang/zh-cn.php
[ info ] [ ROUTE ] array (
  'type' => 'module',
  'module' => 
  array (
    0 => 'sea',
    1 => 'index',
    2 => 'index',
  ),
  'convert' => false,
)
[ info ] [ HEADER ] array (
  'host' => '118.31.23.98:80',
  'user-agent' => 'Mozilla/5.0 (Macintosh; Intel Mac OS X 10_11_6) AppleWebKit/601.7.7 (KHTML, like Gecko) Version/9.1.2 Safari/601.7.7',
  'content-length' => '0',
)
[ info ] [ PARAM ] array (
)
[ info ] [ SESSION ] INIT array (
  'prefix' => 'sea',
  'type' => 'driver\\session\\Mysql',
  'auto_start' => true,
  'table_name' => 's_session',
)
[ info ] [ DB ] INIT mysql
[ info ] [ LOG ] INIT File
[ sql ] [ DB ] CONNECT:[ UseTime:0.003602s ] mysql:dbname=yuhal;host=118.31.23.98;port=3306;charset=utf8
[ sql ] [ SQL ] SELECT session_data FROM yh_s_session WHERE session_id = 'think_o5vvsvv1lhmfn6576gg4lg2vj6' AND session_expire > '1522528885' [ RunTime:0.002620s ]

---------------------------------------------------------------
[ 2018-04-01T05:26:24+08:00 ] 172.16.252.49 201.26.149.51 GET /
[ log ] 118.31.23.98:80/ [运行时间：0.011339s][吞吐率：88.19req/s] [内存消耗：463.65kb] [文件加载：41]
[ info ] [ LANG ] /var/www/sea/thinkphp/lang/zh-cn.php
[ info ] [ ROUTE ] array (
  'type' => 'module',
  'module' => 
  array (
    0 => 'sea',
    1 => 'index',
    2 => 'index',
  ),
  'convert' => false,
)
[ info ] [ HEADER ] array (
  'host' => '118.31.23.98:80',
  'user-agent' => 'Mozilla/5.0 (Windows NT 10.0; WOW64) AppleWebKit/537.36 (KHTML, like Gecko) Chrome/52.0.2743.116 Safari/537.36',
  'content-length' => '0',
)
[ info ] [ PARAM ] array (
)
[ info ] [ SESSION ] INIT array (
  'prefix' => 'sea',
  'type' => 'driver\\session\\Mysql',
  'auto_start' => true,
  'table_name' => 's_session',
)
[ info ] [ DB ] INIT mysql
[ info ] [ LOG ] INIT File
[ sql ] [ DB ] CONNECT:[ UseTime:0.004005s ] mysql:dbname=yuhal;host=118.31.23.98;port=3306;charset=utf8
[ sql ] [ SQL ] SELECT session_data FROM yh_s_session WHERE session_id = 'think_9h0op8cq1igc5k1himeve426o7' AND session_expire > '1522531584' [ RunTime:0.002755s ]

---------------------------------------------------------------
[ 2018-04-01T05:30:22+08:00 ] 172.16.252.49 201.1.164.248 GET /
[ log ] 118.31.23.98:80/ [运行时间：0.010507s][吞吐率：95.18req/s] [内存消耗：463.65kb] [文件加载：41]
[ info ] [ LANG ] /var/www/sea/thinkphp/lang/zh-cn.php
[ info ] [ ROUTE ] array (
  'type' => 'module',
  'module' => 
  array (
    0 => 'sea',
    1 => 'index',
    2 => 'index',
  ),
  'convert' => false,
)
[ info ] [ HEADER ] array (
  'host' => '118.31.23.98:80',
  'user-agent' => 'Mozilla/5.0 (Windows NT 6.1; WOW64) AppleWebKit/537.36 (KHTML, like Gecko) Chrome/51.0.2704.103 Safari/537.36',
  'content-length' => '0',
)
[ info ] [ PARAM ] array (
)
[ info ] [ SESSION ] INIT array (
  'prefix' => 'sea',
  'type' => 'driver\\session\\Mysql',
  'auto_start' => true,
  'table_name' => 's_session',
)
[ info ] [ DB ] INIT mysql
[ info ] [ LOG ] INIT File
[ sql ] [ DB ] CONNECT:[ UseTime:0.003373s ] mysql:dbname=yuhal;host=118.31.23.98;port=3306;charset=utf8
[ sql ] [ SQL ] SELECT session_data FROM yh_s_session WHERE session_id = 'think_66a2cr1fvqem289upgnuu8cvo4' AND session_expire > '1522531822' [ RunTime:0.002505s ]

---------------------------------------------------------------
[ 2018-04-01T06:02:14+08:00 ] 172.16.252.49 177.139.70.68 GET /
[ log ] 118.31.23.98:80/ [运行时间：0.009025s][吞吐率：110.81req/s] [内存消耗：463.65kb] [文件加载：41]
[ info ] [ LANG ] /var/www/sea/thinkphp/lang/zh-cn.php
[ info ] [ ROUTE ] array (
  'type' => 'module',
  'module' => 
  array (
    0 => 'sea',
    1 => 'index',
    2 => 'index',
  ),
  'convert' => false,
)
[ info ] [ HEADER ] array (
  'host' => '118.31.23.98:80',
  'user-agent' => 'Mozilla/5.0 (Windows NT 10.0; WOW64) AppleWebKit/537.36 (KHTML, like Gecko) Chrome/51.0.2704.103 Safari/537.36',
  'content-length' => '0',
)
[ info ] [ PARAM ] array (
)
[ info ] [ SESSION ] INIT array (
  'prefix' => 'sea',
  'type' => 'driver\\session\\Mysql',
  'auto_start' => true,
  'table_name' => 's_session',
)
[ info ] [ DB ] INIT mysql
[ info ] [ LOG ] INIT File
[ sql ] [ DB ] CONNECT:[ UseTime:0.002731s ] mysql:dbname=yuhal;host=118.31.23.98;port=3306;charset=utf8
[ sql ] [ SQL ] SELECT session_data FROM yh_s_session WHERE session_id = 'think_amregl2lhgtb1o9pqdm4cll8i6' AND session_expire > '1522533734' [ RunTime:0.001952s ]

---------------------------------------------------------------
[ 2018-04-01T06:17:23+08:00 ] 172.16.252.49 82.146.94.33 GET /
[ log ] 118.31.23.98:80/ [运行时间：0.011010s][吞吐率：90.83req/s] [内存消耗：463.65kb] [文件加载：41]
[ info ] [ LANG ] /var/www/sea/thinkphp/lang/zh-cn.php
[ info ] [ ROUTE ] array (
  'type' => 'module',
  'module' => 
  array (
    0 => 'sea',
    1 => 'index',
    2 => 'index',
  ),
  'convert' => false,
)
[ info ] [ HEADER ] array (
  'host' => '118.31.23.98:80',
  'user-agent' => 'Mozilla/5.0 (Windows NT 10.0; WOW64) AppleWebKit/537.36 (KHTML, like Gecko) Chrome/51.0.2704.103 Safari/537.36',
  'content-length' => '0',
)
[ info ] [ PARAM ] array (
)
[ info ] [ SESSION ] INIT array (
  'prefix' => 'sea',
  'type' => 'driver\\session\\Mysql',
  'auto_start' => true,
  'table_name' => 's_session',
)
[ info ] [ DB ] INIT mysql
[ info ] [ LOG ] INIT File
[ sql ] [ DB ] CONNECT:[ UseTime:0.003519s ] mysql:dbname=yuhal;host=118.31.23.98;port=3306;charset=utf8
[ sql ] [ SQL ] SELECT session_data FROM yh_s_session WHERE session_id = 'think_q40advhoaikdn2vek3ugrnotn7' AND session_expire > '1522534643' [ RunTime:0.002489s ]

---------------------------------------------------------------
[ 2018-04-01T06:19:52+08:00 ] 172.16.252.49 88.87.163.166 GET /
[ log ] 118.31.23.98:80/ [运行时间：0.020309s][吞吐率：49.24req/s] [内存消耗：463.65kb] [文件加载：41]
[ info ] [ LANG ] /var/www/sea/thinkphp/lang/zh-cn.php
[ info ] [ ROUTE ] array (
  'type' => 'module',
  'module' => 
  array (
    0 => 'sea',
    1 => 'index',
    2 => 'index',
  ),
  'convert' => false,
)
[ info ] [ HEADER ] array (
  'host' => '118.31.23.98:80',
  'user-agent' => 'Mozilla/5.0 (Windows NT 10.0; WOW64) AppleWebKit/537.36 (KHTML, like Gecko) Chrome/52.0.2743.116 Safari/537.36',
  'content-length' => '0',
)
[ info ] [ PARAM ] array (
)
[ info ] [ SESSION ] INIT array (
  'prefix' => 'sea',
  'type' => 'driver\\session\\Mysql',
  'auto_start' => true,
  'table_name' => 's_session',
)
[ info ] [ DB ] INIT mysql
[ info ] [ LOG ] INIT File
[ sql ] [ DB ] CONNECT:[ UseTime:0.010412s ] mysql:dbname=yuhal;host=118.31.23.98;port=3306;charset=utf8
[ sql ] [ SQL ] SELECT session_data FROM yh_s_session WHERE session_id = 'think_bdodcgt2a8vjraq2mpjfitp871' AND session_expire > '1522534792' [ RunTime:0.002561s ]

---------------------------------------------------------------
[ 2018-04-01T06:19:52+08:00 ] 172.16.252.49 88.87.163.166 GET /
[ log ] 118.31.23.98:80/ [运行时间：0.012338s][吞吐率：81.05req/s] [内存消耗：463.63kb] [文件加载：41]
[ info ] [ LANG ] /var/www/sea/thinkphp/lang/zh-cn.php
[ info ] [ ROUTE ] array (
  'type' => 'module',
  'module' => 
  array (
    0 => 'sea',
    1 => 'index',
    2 => 'index',
  ),
  'convert' => false,
)
[ info ] [ HEADER ] array (
  'host' => '118.31.23.98:80',
  'user-agent' => 'Mozilla/5.0 (Windows NT 6.1; WOW64) AppleWebKit/537.36 (KHTML, like Gecko) Chrome/51.0.2704.103 Safari/537.36',
  'content-length' => '0',
)
[ info ] [ PARAM ] array (
)
[ info ] [ SESSION ] INIT array (
  'prefix' => 'sea',
  'type' => 'driver\\session\\Mysql',
  'auto_start' => true,
  'table_name' => 's_session',
)
[ info ] [ DB ] INIT mysql
[ info ] [ LOG ] INIT File
[ sql ] [ DB ] CONNECT:[ UseTime:0.003327s ] mysql:dbname=yuhal;host=118.31.23.98;port=3306;charset=utf8
[ sql ] [ SQL ] SELECT session_data FROM yh_s_session WHERE session_id = 'think_fh7ltmkvtqih5e6caaaj6da1b3' AND session_expire > '1522534792' [ RunTime:0.002984s ]

---------------------------------------------------------------
[ 2018-04-01T06:56:30+08:00 ] 172.16.252.49 80.82.78.50 GET http://www.baidu.com/cache/global/img/gs.gif
[ log ] www.baidu.comhttp://www.baidu.com/cache/global/img/gs.gif [运行时间：0.004036s][吞吐率：247.77req/s] [内存消耗：299.54kb] [文件加载：27]
[ info ] [ LANG ] /var/www/sea/thinkphp/lang/zh-cn.php
[ info ] [ ROUTE ] array (
  'type' => 'module',
  'module' => 
  array (
    0 => 'cache',
    1 => 'global',
    2 => 'img',
  ),
)
[ info ] [ HEADER ] array (
  'host' => 'www.baidu.com',
  'user-agent' => 'Mozilla',
  'if-modified-since' => 'Thu, 19 Apr 2012 09:51:20 GMT',
)
[ info ] [ PARAM ] array (
)
[ info ] [ LOG ] INIT File

---------------------------------------------------------------
[ 2018-04-01T07:44:41+08:00 ] 172.16.252.49 200.153.255.50 GET /
[ log ] 118.31.23.98:80/ [运行时间：0.009111s][吞吐率：109.76req/s] [内存消耗：463.65kb] [文件加载：41]
[ info ] [ LANG ] /var/www/sea/thinkphp/lang/zh-cn.php
[ info ] [ ROUTE ] array (
  'type' => 'module',
  'module' => 
  array (
    0 => 'sea',
    1 => 'index',
    2 => 'index',
  ),
  'convert' => false,
)
[ info ] [ HEADER ] array (
  'host' => '118.31.23.98:80',
  'user-agent' => 'Mozilla/5.0 (Windows NT 10.0; WOW64) AppleWebKit/537.36 (KHTML, like Gecko) Chrome/51.0.2704.103 Safari/537.36',
  'content-length' => '0',
)
[ info ] [ PARAM ] array (
)
[ info ] [ SESSION ] INIT array (
  'prefix' => 'sea',
  'type' => 'driver\\session\\Mysql',
  'auto_start' => true,
  'table_name' => 's_session',
)
[ info ] [ DB ] INIT mysql
[ info ] [ LOG ] INIT File
[ sql ] [ DB ] CONNECT:[ UseTime:0.002761s ] mysql:dbname=yuhal;host=118.31.23.98;port=3306;charset=utf8
[ sql ] [ SQL ] SELECT session_data FROM yh_s_session WHERE session_id = 'think_ae3c82qju6g4go331qgtlt2h86' AND session_expire > '1522539881' [ RunTime:0.001988s ]

---------------------------------------------------------------
[ 2018-04-01T08:01:24+08:00 ] 172.16.252.49 90.178.174.121 GET /
[ log ] 118.31.23.98:80/ [运行时间：0.013214s][吞吐率：75.68req/s] [内存消耗：463.65kb] [文件加载：41]
[ info ] [ LANG ] /var/www/sea/thinkphp/lang/zh-cn.php
[ info ] [ ROUTE ] array (
  'type' => 'module',
  'module' => 
  array (
    0 => 'sea',
    1 => 'index',
    2 => 'index',
  ),
  'convert' => false,
)
[ info ] [ HEADER ] array (
  'host' => '118.31.23.98:80',
  'user-agent' => 'Mozilla/5.0 (Windows NT 6.1; WOW64) AppleWebKit/537.36 (KHTML, like Gecko) Chrome/51.0.2704.103 Safari/537.36',
  'content-length' => '0',
)
[ info ] [ PARAM ] array (
)
[ info ] [ SESSION ] INIT array (
  'prefix' => 'sea',
  'type' => 'driver\\session\\Mysql',
  'auto_start' => true,
  'table_name' => 's_session',
)
[ info ] [ DB ] INIT mysql
[ info ] [ LOG ] INIT File
[ sql ] [ DB ] CONNECT:[ UseTime:0.003543s ] mysql:dbname=yuhal;host=118.31.23.98;port=3306;charset=utf8
[ sql ] [ SQL ] SELECT session_data FROM yh_s_session WHERE session_id = 'think_slv75es3vrq6esvieo7ojfg2c0' AND session_expire > '1522540884' [ RunTime:0.002519s ]

---------------------------------------------------------------
[ 2018-04-01T08:19:27+08:00 ] 172.16.252.49 201.13.2.212 GET /
[ log ] 118.31.23.98:80/ [运行时间：0.010226s][吞吐率：97.79req/s] [内存消耗：463.64kb] [文件加载：41]
[ info ] [ LANG ] /var/www/sea/thinkphp/lang/zh-cn.php
[ info ] [ ROUTE ] array (
  'type' => 'module',
  'module' => 
  array (
    0 => 'sea',
    1 => 'index',
    2 => 'index',
  ),
  'convert' => false,
)
[ info ] [ HEADER ] array (
  'host' => '118.31.23.98:80',
  'user-agent' => 'Mozilla/5.0 (Macintosh; Intel Mac OS X 10_11_6) AppleWebKit/601.7.7 (KHTML, like Gecko) Version/9.1.2 Safari/601.7.7',
  'content-length' => '0',
)
[ info ] [ PARAM ] array (
)
[ info ] [ SESSION ] INIT array (
  'prefix' => 'sea',
  'type' => 'driver\\session\\Mysql',
  'auto_start' => true,
  'table_name' => 's_session',
)
[ info ] [ DB ] INIT mysql
[ info ] [ LOG ] INIT File
[ sql ] [ DB ] CONNECT:[ UseTime:0.003370s ] mysql:dbname=yuhal;host=118.31.23.98;port=3306;charset=utf8
[ sql ] [ SQL ] SELECT session_data FROM yh_s_session WHERE session_id = 'think_8j6av9ao2eskr5p7tdsekm3ks6' AND session_expire > '1522541967' [ RunTime:0.002336s ]

---------------------------------------------------------------
[ 2018-04-01T08:33:24+08:00 ] 172.16.252.49 208.90.186.77 GET /
[ log ] 118.31.23.98:80/ [运行时间：0.010499s][吞吐率：95.25req/s] [内存消耗：463.64kb] [文件加载：41]
[ info ] [ LANG ] /var/www/sea/thinkphp/lang/zh-cn.php
[ info ] [ ROUTE ] array (
  'type' => 'module',
  'module' => 
  array (
    0 => 'sea',
    1 => 'index',
    2 => 'index',
  ),
  'convert' => false,
)
[ info ] [ HEADER ] array (
  'host' => '118.31.23.98:80',
  'user-agent' => 'Mozilla/5.0 (Macintosh; Intel Mac OS X 10_11_6) AppleWebKit/601.7.7 (KHTML, like Gecko) Version/9.1.2 Safari/601.7.7',
  'content-length' => '0',
)
[ info ] [ PARAM ] array (
)
[ info ] [ SESSION ] INIT array (
  'prefix' => 'sea',
  'type' => 'driver\\session\\Mysql',
  'auto_start' => true,
  'table_name' => 's_session',
)
[ info ] [ DB ] INIT mysql
[ info ] [ LOG ] INIT File
[ sql ] [ DB ] CONNECT:[ UseTime:0.003334s ] mysql:dbname=yuhal;host=118.31.23.98;port=3306;charset=utf8
[ sql ] [ SQL ] SELECT session_data FROM yh_s_session WHERE session_id = 'think_imk0fumjb5tq3pfejkm377a9q2' AND session_expire > '1522542804' [ RunTime:0.002409s ]

---------------------------------------------------------------
[ 2018-04-01T09:08:23+08:00 ] 172.16.252.49 116.62.176.205 GET /
[ log ] 59.56.103.104:80/ [运行时间：0.011173s][吞吐率：89.50req/s] [内存消耗：463.56kb] [文件加载：41]
[ info ] [ LANG ] /var/www/sea/thinkphp/lang/zh-cn.php
[ info ] [ ROUTE ] array (
  'type' => 'module',
  'module' => 
  array (
    0 => 'sea',
    1 => 'index',
    2 => 'index',
  ),
  'convert' => false,
)
[ info ] [ HEADER ] array (
  'host' => '59.56.103.104:80',
  'connection' => 'Close',
  'accept-encoding' => 'identity',
)
[ info ] [ PARAM ] array (
)
[ info ] [ SESSION ] INIT array (
  'prefix' => 'sea',
  'type' => 'driver\\session\\Mysql',
  'auto_start' => true,
  'table_name' => 's_session',
)
[ info ] [ DB ] INIT mysql
[ info ] [ LOG ] INIT File
[ sql ] [ DB ] CONNECT:[ UseTime:0.003631s ] mysql:dbname=yuhal;host=118.31.23.98;port=3306;charset=utf8
[ sql ] [ SQL ] SELECT session_data FROM yh_s_session WHERE session_id = 'think_fvuoggfov84klhiqslt4jv5q23' AND session_expire > '1522544903' [ RunTime:0.002522s ]

---------------------------------------------------------------
[ 2018-04-01T09:38:27+08:00 ] 172.16.252.49 82.57.219.219 GET /
[ log ] 118.31.23.98:80/ [运行时间：0.009857s][吞吐率：101.45req/s] [内存消耗：463.64kb] [文件加载：41]
[ info ] [ LANG ] /var/www/sea/thinkphp/lang/zh-cn.php
[ info ] [ ROUTE ] array (
  'type' => 'module',
  'module' => 
  array (
    0 => 'sea',
    1 => 'index',
    2 => 'index',
  ),
  'convert' => false,
)
[ info ] [ HEADER ] array (
  'host' => '118.31.23.98:80',
  'user-agent' => 'Mozilla/5.0 (Macintosh; Intel Mac OS X 10_11_6) AppleWebKit/601.7.7 (KHTML, like Gecko) Version/9.1.2 Safari/601.7.7',
  'content-length' => '0',
)
[ info ] [ PARAM ] array (
)
[ info ] [ SESSION ] INIT array (
  'prefix' => 'sea',
  'type' => 'driver\\session\\Mysql',
  'auto_start' => true,
  'table_name' => 's_session',
)
[ info ] [ DB ] INIT mysql
[ info ] [ LOG ] INIT File
[ sql ] [ DB ] CONNECT:[ UseTime:0.003168s ] mysql:dbname=yuhal;host=118.31.23.98;port=3306;charset=utf8
[ sql ] [ SQL ] SELECT session_data FROM yh_s_session WHERE session_id = 'think_cohfpr58dhjqepjen5fbtq25v3' AND session_expire > '1522546707' [ RunTime:0.002249s ]

---------------------------------------------------------------
[ 2018-04-01T09:52:22+08:00 ] 172.16.252.49 199.241.200.134 GET /
[ log ] 118.31.23.98:80/ [运行时间：0.011263s][吞吐率：88.79req/s] [内存消耗：463.65kb] [文件加载：41]
[ info ] [ LANG ] /var/www/sea/thinkphp/lang/zh-cn.php
[ info ] [ ROUTE ] array (
  'type' => 'module',
  'module' => 
  array (
    0 => 'sea',
    1 => 'index',
    2 => 'index',
  ),
  'convert' => false,
)
[ info ] [ HEADER ] array (
  'host' => '118.31.23.98:80',
  'user-agent' => 'Mozilla/5.0 (Windows NT 10.0; WOW64) AppleWebKit/537.36 (KHTML, like Gecko) Chrome/51.0.2704.103 Safari/537.36',
  'content-length' => '0',
)
[ info ] [ PARAM ] array (
)
[ info ] [ SESSION ] INIT array (
  'prefix' => 'sea',
  'type' => 'driver\\session\\Mysql',
  'auto_start' => true,
  'table_name' => 's_session',
)
[ info ] [ DB ] INIT mysql
[ info ] [ LOG ] INIT File
[ sql ] [ DB ] CONNECT:[ UseTime:0.003939s ] mysql:dbname=yuhal;host=118.31.23.98;port=3306;charset=utf8
[ sql ] [ SQL ] SELECT session_data FROM yh_s_session WHERE session_id = 'think_l3g2u6tjj40uq1mh01nmrib1t1' AND session_expire > '1522547542' [ RunTime:0.002789s ]

---------------------------------------------------------------
[ 2018-04-01T11:12:23+08:00 ] 172.16.252.49 118.190.15.39 GET /
[ log ] 47.96.37.240:2049/ [运行时间：0.010541s][吞吐率：94.87req/s] [内存消耗：463.56kb] [文件加载：41]
[ info ] [ LANG ] /var/www/sea/thinkphp/lang/zh-cn.php
[ info ] [ ROUTE ] array (
  'type' => 'module',
  'module' => 
  array (
    0 => 'sea',
    1 => 'index',
    2 => 'index',
  ),
  'convert' => false,
)
[ info ] [ HEADER ] array (
  'host' => '47.96.37.240:2049',
  'connection' => 'Close',
  'accept-encoding' => 'identity',
)
[ info ] [ PARAM ] array (
)
[ info ] [ SESSION ] INIT array (
  'prefix' => 'sea',
  'type' => 'driver\\session\\Mysql',
  'auto_start' => true,
  'table_name' => 's_session',
)
[ info ] [ DB ] INIT mysql
[ info ] [ LOG ] INIT File
[ sql ] [ DB ] CONNECT:[ UseTime:0.003307s ] mysql:dbname=yuhal;host=118.31.23.98;port=3306;charset=utf8
[ sql ] [ SQL ] SELECT session_data FROM yh_s_session WHERE session_id = 'think_1e26pni2eqevp0ivm4ai18ec63' AND session_expire > '1522552343' [ RunTime:0.002420s ]

---------------------------------------------------------------
[ 2018-04-01T15:41:01+08:00 ] 172.16.252.49 106.11.225.39 GET /
[ log ] sea.yuhal.com/ [运行时间：0.009812s][吞吐率：101.92req/s] [内存消耗：464.66kb] [文件加载：41]
[ info ] [ LANG ] /var/www/sea/thinkphp/lang/zh-cn.php
[ info ] [ ROUTE ] array (
  'type' => 'module',
  'module' => 
  array (
    0 => 'sea',
    1 => 'index',
    2 => 'index',
  ),
  'convert' => false,
)
[ info ] [ HEADER ] array (
  'accept-encoding' => 'gzip',
  'user-agent' => 'Mozilla/5.0 (iPad; CPU OS 9_1 like Mac OS X) AppleWebKit/601.1.46 (KHTML, like Gecko) Version/9.0 Mobile/13B143 Safari/601.1',
  'cache-control' => 'no-cache',
  'pragma' => 'no-cache',
  'host' => 'sea.yuhal.com',
  'accept' => 'text/html, image/gif, image/jpeg, *; q=.2, */*; q=.2',
  'connection' => 'keep-alive',
)
[ info ] [ PARAM ] array (
)
[ info ] [ SESSION ] INIT array (
  'prefix' => 'sea',
  'type' => 'driver\\session\\Mysql',
  'auto_start' => true,
  'table_name' => 's_session',
)
[ info ] [ DB ] INIT mysql
[ info ] [ LOG ] INIT File
[ sql ] [ DB ] CONNECT:[ UseTime:0.002857s ] mysql:dbname=yuhal;host=118.31.23.98;port=3306;charset=utf8
[ sql ] [ SQL ] SELECT session_data FROM yh_s_session WHERE session_id = 'think_glkdip1115po56d3ckc0ab1o33' AND session_expire > '1522568461' [ RunTime:0.001993s ]

---------------------------------------------------------------
[ 2018-04-01T15:41:01+08:00 ] 172.16.252.49 106.11.225.39 GET /login.html
[ log ] sea.yuhal.com/login.html [运行时间：0.005196s][吞吐率：192.45req/s] [内存消耗：464.66kb] [文件加载：41]
[ info ] [ LANG ] /var/www/sea/thinkphp/lang/zh-cn.php
[ info ] [ ROUTE ] array (
  'type' => 'module',
  'module' => 
  array (
    0 => 'sea',
    1 => 'login',
    2 => 'index',
  ),
  'convert' => false,
)
[ info ] [ HEADER ] array (
  'cookie' => 'PHPSESSID=glkdip1115po56d3ckc0ab1o33',
  'accept-encoding' => 'gzip',
  'user-agent' => 'Mozilla/5.0 (iPad; CPU OS 9_1 like Mac OS X) AppleWebKit/601.1.46 (KHTML, like Gecko) Version/9.0 Mobile/13B143 Safari/601.1',
  'cache-control' => 'no-cache',
  'pragma' => 'no-cache',
  'host' => 'sea.yuhal.com',
  'accept' => 'text/html, image/gif, image/jpeg, *; q=.2, */*; q=.2',
  'connection' => 'keep-alive',
)
[ info ] [ PARAM ] array (
)
[ info ] [ RUN ] app\sea\controller\Login->index[ /var/www/sea/application/sea/controller/Login.php ]
[ info ] [ VIEW ] /var/www/sea/application/sea/view/page/login.html [ array (
) ]
[ info ] [ LOG ] INIT File

---------------------------------------------------------------
[ 2018-04-01T17:12:26+08:00 ] 172.16.252.49 46.35.189.4 GET /
[ log ] 118.31.23.98:80/ [运行时间：0.010670s][吞吐率：93.72req/s] [内存消耗：462.84kb] [文件加载：41]
[ info ] [ LANG ] /var/www/sea/thinkphp/lang/zh-cn.php
[ info ] [ ROUTE ] array (
  'type' => 'module',
  'module' => 
  array (
    0 => 'sea',
    1 => 'index',
    2 => 'index',
  ),
  'convert' => false,
)
[ info ] [ HEADER ] array (
  'host' => '118.31.23.98:80',
)
[ info ] [ PARAM ] array (
)
[ info ] [ SESSION ] INIT array (
  'prefix' => 'sea',
  'type' => 'driver\\session\\Mysql',
  'auto_start' => true,
  'table_name' => 's_session',
)
[ info ] [ DB ] INIT mysql
[ info ] [ LOG ] INIT File
[ sql ] [ DB ] CONNECT:[ UseTime:0.003473s ] mysql:dbname=yuhal;host=118.31.23.98;port=3306;charset=utf8
[ sql ] [ SQL ] SELECT session_data FROM yh_s_session WHERE session_id = 'think_lnhn6fc5rmqpobqmesetsrlpr2' AND session_expire > '1522573946' [ RunTime:0.002545s ]

---------------------------------------------------------------
[ 2018-04-01T20:03:30+08:00 ] 172.16.252.49 164.132.91.13 GET /
[ log ] 118.31.23.98/ [运行时间：0.011029s][吞吐率：90.67req/s] [内存消耗：463.61kb] [文件加载：41]
[ info ] [ LANG ] /var/www/sea/thinkphp/lang/zh-cn.php
[ info ] [ ROUTE ] array (
  'type' => 'module',
  'module' => 
  array (
    0 => 'sea',
    1 => 'index',
    2 => 'index',
  ),
  'convert' => false,
)
[ info ] [ HEADER ] array (
  'user-agent' => 'Mozilla/5.0 (Windows NT 6.1) AppleWebKit/537.36 (KHTML, like Gecko) Chrome/41.0.2228.0 Safari/537.36',
  'host' => '118.31.23.98',
  'connection' => 'close',
)
[ info ] [ PARAM ] array (
)
[ info ] [ SESSION ] INIT array (
  'prefix' => 'sea',
  'type' => 'driver\\session\\Mysql',
  'auto_start' => true,
  'table_name' => 's_session',
)
[ info ] [ DB ] INIT mysql
[ info ] [ LOG ] INIT File
[ sql ] [ DB ] CONNECT:[ UseTime:0.003395s ] mysql:dbname=yuhal;host=118.31.23.98;port=3306;charset=utf8
[ sql ] [ SQL ] SELECT session_data FROM yh_s_session WHERE session_id = 'think_qrrehbokq3pgbhm4uit2gbbcd5' AND session_expire > '1522584210' [ RunTime:0.002581s ]

---------------------------------------------------------------
[ 2018-04-01T20:03:32+08:00 ] 172.16.252.49 164.132.91.13 GET /login.html
[ log ] 118.31.23.98/login.html [运行时间：0.004673s][吞吐率：214.00req/s] [内存消耗：462.70kb] [文件加载：41]
[ info ] [ LANG ] /var/www/sea/thinkphp/lang/zh-cn.php
[ info ] [ ROUTE ] array (
  'type' => 'module',
  'module' => 
  array (
    0 => 'sea',
    1 => 'login',
    2 => 'index',
  ),
  'convert' => false,
)
[ info ] [ HEADER ] array (
  'user-agent' => 'Mozilla/5.0 (Windows NT 6.1) AppleWebKit/537.36 (KHTML, like Gecko) Chrome/41.0.2228.0 Safari/537.36',
  'host' => '118.31.23.98',
  'connection' => 'close',
)
[ info ] [ PARAM ] array (
)
[ info ] [ RUN ] app\sea\controller\Login->index[ /var/www/sea/application/sea/controller/Login.php ]
[ info ] [ VIEW ] /var/www/sea/application/sea/view/page/login.html [ array (
) ]
[ info ] [ LOG ] INIT File

---------------------------------------------------------------
[ 2018-04-01T23:03:43+08:00 ] 172.16.252.49 80.82.77.139 GET /
[ log ] 118.31.23.98/ [运行时间：0.008854s][吞吐率：112.94req/s] [内存消耗：462.83kb] [文件加载：41]
[ info ] [ LANG ] /var/www/sea/thinkphp/lang/zh-cn.php
[ info ] [ ROUTE ] array (
  'type' => 'module',
  'module' => 
  array (
    0 => 'sea',
    1 => 'index',
    2 => 'index',
  ),
  'convert' => false,
)
[ info ] [ HEADER ] array (
  'host' => '118.31.23.98',
)
[ info ] [ PARAM ] array (
)
[ info ] [ SESSION ] INIT array (
  'prefix' => 'sea',
  'type' => 'driver\\session\\Mysql',
  'auto_start' => true,
  'table_name' => 's_session',
)
[ info ] [ DB ] INIT mysql
[ info ] [ LOG ] INIT File
[ sql ] [ DB ] CONNECT:[ UseTime:0.002564s ] mysql:dbname=yuhal;host=118.31.23.98;port=3306;charset=utf8
[ sql ] [ SQL ] SELECT session_data FROM yh_s_session WHERE session_id = 'think_k5tddedlb5rvda3d9qtud0a932' AND session_expire > '1522595023' [ RunTime:0.001796s ]

---------------------------------------------------------------
[ 2018-04-01T23:19:19+08:00 ] 172.16.252.49 116.62.4.249 GET /
[ log ] 47.90.2.106:2049/ [运行时间：0.018624s][吞吐率：53.69req/s] [内存消耗：463.56kb] [文件加载：41]
[ info ] [ LANG ] /var/www/sea/thinkphp/lang/zh-cn.php
[ info ] [ ROUTE ] array (
  'type' => 'module',
  'module' => 
  array (
    0 => 'sea',
    1 => 'index',
    2 => 'index',
  ),
  'convert' => false,
)
[ info ] [ HEADER ] array (
  'host' => '47.90.2.106:2049',
  'connection' => 'Close',
  'accept-encoding' => 'identity',
)
[ info ] [ PARAM ] array (
)
[ info ] [ SESSION ] INIT array (
  'prefix' => 'sea',
  'type' => 'driver\\session\\Mysql',
  'auto_start' => true,
  'table_name' => 's_session',
)
[ info ] [ DB ] INIT mysql
[ info ] [ LOG ] INIT File
[ sql ] [ DB ] CONNECT:[ UseTime:0.011675s ] mysql:dbname=yuhal;host=118.31.23.98;port=3306;charset=utf8
[ sql ] [ SQL ] SELECT session_data FROM yh_s_session WHERE session_id = 'think_1483pmhcsf1tl3k0hk2itfnqf1' AND session_expire > '1522595959' [ RunTime:0.002463s ]

---------------------------------------------------------------
