[ 2018-04-07T02:16:56+08:00 ] 172.16.252.49 187.66.230.185 GET /cgi/common.cgi
[ log ] 118.31.23.98/cgi/common.cgi [运行时间：0.004423s][吞吐率：226.08req/s] [内存消耗：299.38kb] [文件加载：27]
[ info ] [ LANG ] /var/www/sea/thinkphp/lang/zh-cn.php
[ info ] [ ROUTE ] array (
  'type' => 'module',
  'module' => 
  array (
    0 => 'cgi',
    1 => 'common.cgi',
    2 => NULL,
  ),
)
[ info ] [ HEADER ] array (
  'accept' => '*/*',
  'host' => '118.31.23.98',
  'user-agent' => 'Wget(linux)',
)
[ info ] [ PARAM ] array (
)
[ info ] [ LOG ] INIT File

---------------------------------------------------------------
[ 2018-04-07T02:17:00+08:00 ] 172.16.252.49 187.66.230.185 GET /stssys.htm
[ log ] 118.31.23.98/stssys.htm [运行时间：0.003523s][吞吐率：283.86req/s] [内存消耗：299.31kb] [文件加载：27]
[ info ] [ LANG ] /var/www/sea/thinkphp/lang/zh-cn.php
[ info ] [ ROUTE ] array (
  'type' => 'module',
  'module' => 
  array (
    0 => 'stssys.htm',
    1 => NULL,
    2 => NULL,
  ),
)
[ info ] [ HEADER ] array (
  'accept' => '*/*',
  'host' => '118.31.23.98',
  'user-agent' => 'Wget(linux)',
)
[ info ] [ PARAM ] array (
)
[ info ] [ LOG ] INIT File

---------------------------------------------------------------
[ 2018-04-07T02:17:05+08:00 ] 172.16.252.49 187.66.230.185 GET /
[ log ] 118.31.23.98/ [运行时间：0.009976s][吞吐率：100.24req/s] [内存消耗：463.51kb] [文件加载：41]
[ info ] [ LANG ] /var/www/sea/thinkphp/lang/zh-cn.php
[ info ] [ ROUTE ] array (
  'type' => 'module',
  'module' => 
  array (
    0 => 'sea',
    1 => 'index',
    2 => 'index',
  ),
  'convert' => false,
)
[ info ] [ HEADER ] array (
  'accept' => '*/*',
  'host' => '118.31.23.98',
  'user-agent' => 'Wget(linux)',
)
[ info ] [ PARAM ] array (
)
[ info ] [ SESSION ] INIT array (
  'prefix' => 'sea',
  'type' => 'driver\\session\\Mysql',
  'auto_start' => true,
  'table_name' => 's_session',
)
[ info ] [ DB ] INIT mysql
[ info ] [ LOG ] INIT File
[ sql ] [ DB ] CONNECT:[ UseTime:0.003282s ] mysql:dbname=yuhal;host=118.31.23.98;port=3306;charset=utf8
[ sql ] [ SQL ] SELECT session_data FROM yh_s_session WHERE session_id = 'think_7buutqpuuq6o797h2vh0bgeec0' AND session_expire > '1523038625' [ RunTime:0.002362s ]

---------------------------------------------------------------
[ 2018-04-07T02:22:49+08:00 ] 172.16.252.49 106.14.92.5 GET /
[ log ] 47.96.161.67:2049/ [运行时间：0.008797s][吞吐率：113.68req/s] [内存消耗：463.56kb] [文件加载：41]
[ info ] [ LANG ] /var/www/sea/thinkphp/lang/zh-cn.php
[ info ] [ ROUTE ] array (
  'type' => 'module',
  'module' => 
  array (
    0 => 'sea',
    1 => 'index',
    2 => 'index',
  ),
  'convert' => false,
)
[ info ] [ HEADER ] array (
  'host' => '47.96.161.67:2049',
  'connection' => 'Close',
  'accept-encoding' => 'identity',
)
[ info ] [ PARAM ] array (
)
[ info ] [ SESSION ] INIT array (
  'prefix' => 'sea',
  'type' => 'driver\\session\\Mysql',
  'auto_start' => true,
  'table_name' => 's_session',
)
[ info ] [ DB ] INIT mysql
[ info ] [ LOG ] INIT File
[ sql ] [ DB ] CONNECT:[ UseTime:0.002682s ] mysql:dbname=yuhal;host=118.31.23.98;port=3306;charset=utf8
[ sql ] [ SQL ] SELECT session_data FROM yh_s_session WHERE session_id = 'think_kmv9nqalocqd9j98cte8ipj6s6' AND session_expire > '1523038969' [ RunTime:0.001875s ]

---------------------------------------------------------------
[ 2018-04-07T02:39:28+08:00 ] 172.16.252.49 195.22.127.231 GET /.ftpconfig
[ log ] 118.31.23.98/.ftpconfig [运行时间：0.003629s][吞吐率：275.56req/s] [内存消耗：300.12kb] [文件加载：27]
[ info ] [ LANG ] /var/www/sea/thinkphp/lang/zh-cn.php
[ info ] [ ROUTE ] array (
  'type' => 'module',
  'module' => 
  array (
    0 => '.ftpconfig',
    1 => NULL,
    2 => NULL,
  ),
)
[ info ] [ HEADER ] array (
  'host' => '118.31.23.98',
  'connection' => 'keep-alive',
  'accept-encoding' => 'gzip, deflate',
  'accept' => '*/*',
  'user-agent' => 'Mozilla/5.0 (Windows NT 6.3; Win64; x64) AppleWebKit/537.36 (KHTML, like Gecko) Chrome/62.0.3202.94 Safari/537.36',
)
[ info ] [ PARAM ] array (
)
[ info ] [ LOG ] INIT File

---------------------------------------------------------------
[ 2018-04-07T02:39:28+08:00 ] 172.16.252.49 195.22.127.231 GET /.remote-sync.json
[ log ] 118.31.23.98/.remote-sync.json [运行时间：0.003837s][吞吐率：260.63req/s] [内存消耗：300.14kb] [文件加载：27]
[ info ] [ LANG ] /var/www/sea/thinkphp/lang/zh-cn.php
[ info ] [ ROUTE ] array (
  'type' => 'module',
  'module' => 
  array (
    0 => '.remote-sync.json',
    1 => NULL,
    2 => NULL,
  ),
)
[ info ] [ HEADER ] array (
  'host' => '118.31.23.98',
  'connection' => 'keep-alive',
  'accept-encoding' => 'gzip, deflate',
  'accept' => '*/*',
  'user-agent' => 'Mozilla/5.0 (Windows NT 6.3; Win64; x64) AppleWebKit/537.36 (KHTML, like Gecko) Chrome/62.0.3202.94 Safari/537.36',
)
[ info ] [ PARAM ] array (
)
[ info ] [ LOG ] INIT File

---------------------------------------------------------------
[ 2018-04-07T02:39:29+08:00 ] 172.16.252.49 195.22.127.231 GET /.vscode/ftp-sync.json
[ log ] 118.31.23.98/.vscode/ftp-sync.json [运行时间：0.003716s][吞吐率：269.11req/s] [内存消耗：300.20kb] [文件加载：27]
[ info ] [ LANG ] /var/www/sea/thinkphp/lang/zh-cn.php
[ info ] [ ROUTE ] array (
  'type' => 'module',
  'module' => 
  array (
    0 => '.vscode',
    1 => 'ftp-sync.json',
    2 => NULL,
  ),
)
[ info ] [ HEADER ] array (
  'host' => '118.31.23.98',
  'connection' => 'keep-alive',
  'accept-encoding' => 'gzip, deflate',
  'accept' => '*/*',
  'user-agent' => 'Mozilla/5.0 (Windows NT 6.3; Win64; x64) AppleWebKit/537.36 (KHTML, like Gecko) Chrome/62.0.3202.94 Safari/537.36',
)
[ info ] [ PARAM ] array (
)
[ info ] [ LOG ] INIT File

---------------------------------------------------------------
[ 2018-04-07T02:39:29+08:00 ] 172.16.252.49 195.22.127.231 GET /sftp-config.json
[ log ] 118.31.23.98/sftp-config.json [运行时间：0.003957s][吞吐率：252.71req/s] [内存消耗：300.14kb] [文件加载：27]
[ info ] [ LANG ] /var/www/sea/thinkphp/lang/zh-cn.php
[ info ] [ ROUTE ] array (
  'type' => 'module',
  'module' => 
  array (
    0 => 'sftp-config.json',
    1 => NULL,
    2 => NULL,
  ),
)
[ info ] [ HEADER ] array (
  'host' => '118.31.23.98',
  'connection' => 'keep-alive',
  'accept-encoding' => 'gzip, deflate',
  'accept' => '*/*',
  'user-agent' => 'Mozilla/5.0 (Windows NT 6.3; Win64; x64) AppleWebKit/537.36 (KHTML, like Gecko) Chrome/62.0.3202.94 Safari/537.36',
)
[ info ] [ PARAM ] array (
)
[ info ] [ LOG ] INIT File

---------------------------------------------------------------
[ 2018-04-07T02:39:30+08:00 ] 172.16.252.49 195.22.127.231 GET /deployment-config.json
[ log ] 118.31.23.98/deployment-config.json [运行时间：0.004255s][吞吐率：235.03req/s] [内存消耗：300.18kb] [文件加载：27]
[ info ] [ LANG ] /var/www/sea/thinkphp/lang/zh-cn.php
[ info ] [ ROUTE ] array (
  'type' => 'module',
  'module' => 
  array (
    0 => 'deployment-config.json',
    1 => NULL,
    2 => NULL,
  ),
)
[ info ] [ HEADER ] array (
  'host' => '118.31.23.98',
  'connection' => 'keep-alive',
  'accept-encoding' => 'gzip, deflate',
  'accept' => '*/*',
  'user-agent' => 'Mozilla/5.0 (Windows NT 6.3; Win64; x64) AppleWebKit/537.36 (KHTML, like Gecko) Chrome/62.0.3202.94 Safari/537.36',
)
[ info ] [ PARAM ] array (
)
[ info ] [ LOG ] INIT File

---------------------------------------------------------------
[ 2018-04-07T03:09:17+08:00 ] 172.16.252.49 195.216.239.82 PROPFIND /
[ log ] localhost/ [运行时间：0.003820s][吞吐率：261.77req/s] [内存消耗：298.16kb] [文件加载：28]
[ info ] [ LANG ] /var/www/sea/thinkphp/lang/zh-cn.php
[ info ] [ LOG ] INIT File
[ error ] [8]未定义数组索引: propfind[/var/www/sea/thinkphp/library/think/Route.php:844]

---------------------------------------------------------------
[ 2018-04-07T08:08:55+08:00 ] 172.16.252.49 172.82.166.210 GET http://www.baidu.com/cache/global/img/gs.gif
[ log ] www.baidu.comhttp://www.baidu.com/cache/global/img/gs.gif [运行时间：0.003714s][吞吐率：269.25req/s] [内存消耗：299.54kb] [文件加载：27]
[ info ] [ LANG ] /var/www/sea/thinkphp/lang/zh-cn.php
[ info ] [ ROUTE ] array (
  'type' => 'module',
  'module' => 
  array (
    0 => 'cache',
    1 => 'global',
    2 => 'img',
  ),
)
[ info ] [ HEADER ] array (
  'host' => 'www.baidu.com',
  'user-agent' => 'Mozilla',
  'if-modified-since' => 'Thu, 19 Apr 2012 09:51:20 GMT',
)
[ info ] [ PARAM ] array (
)
[ info ] [ LOG ] INIT File

---------------------------------------------------------------
[ 2018-04-07T13:05:14+08:00 ] 172.16.252.49 167.206.238.126 PROPFIND /
[ log ] localhost/ [运行时间：0.003845s][吞吐率：260.08req/s] [内存消耗：298.27kb] [文件加载：28]
[ info ] [ LANG ] /var/www/sea/thinkphp/lang/zh-cn.php
[ info ] [ LOG ] INIT File
[ error ] [8]未定义数组索引: propfind[/var/www/sea/thinkphp/library/think/Route.php:844]

---------------------------------------------------------------
[ 2018-04-07T13:05:15+08:00 ] 172.16.252.49 167.206.238.126 POST /wls-wsat/CoordinatorPortType
[ log ] 118.31.23.98:80/wls-wsat/CoordinatorPortType [运行时间：0.003922s][吞吐率：254.97req/s] [内存消耗：301.80kb] [文件加载：27]
[ info ] [ LANG ] /var/www/sea/thinkphp/lang/zh-cn.php
[ info ] [ ROUTE ] array (
  'type' => 'module',
  'module' => 
  array (
    0 => 'wls-wsat',
    1 => 'CoordinatorPortType',
    2 => NULL,
  ),
)
[ info ] [ HEADER ] array (
  'host' => '118.31.23.98:80',
  'user-agent' => 'Mozilla/5.0 (Windows NT 6.1; rv:5.0) Gecko/20100101 Firefox/5.0',
  'connection' => 'Close',
  'content-type' => 'text/xml',
  'content-length' => '1214',
)
[ info ] [ PARAM ] array (
)
[ info ] [ LOG ] INIT File

---------------------------------------------------------------
[ 2018-04-07T15:46:21+08:00 ] 172.16.252.49 5.79.69.140 GET /recordings/
[ log ] 118.31.23.98:443/recordings/ [运行时间：0.003303s][吞吐率：302.75req/s] [内存消耗：299.33kb] [文件加载：27]
[ info ] [ LANG ] /var/www/sea/thinkphp/lang/zh-cn.php
[ info ] [ ROUTE ] array (
  'type' => 'module',
  'module' => 
  array (
    0 => 'recordings',
    1 => NULL,
    2 => NULL,
  ),
)
[ info ] [ HEADER ] array (
  'user-agent' => 'curl/7.29.0',
  'host' => '118.31.23.98:443',
  'accept' => '*/*',
)
[ info ] [ PARAM ] array (
)
[ info ] [ LOG ] INIT File

---------------------------------------------------------------
[ 2018-04-07T15:46:21+08:00 ] 172.16.252.49 5.79.69.140 GET /recordings/
[ log ] 118.31.23.98/recordings/ [运行时间：0.010418s][吞吐率：95.99req/s] [内存消耗：300.34kb] [文件加载：27]
[ info ] [ LANG ] /var/www/sea/thinkphp/lang/zh-cn.php
[ info ] [ ROUTE ] array (
  'type' => 'module',
  'module' => 
  array (
    0 => 'recordings',
    1 => NULL,
    2 => NULL,
  ),
)
[ info ] [ HEADER ] array (
  'user-agent' => 'curl/7.29.0',
  'host' => '118.31.23.98',
  'accept' => '*/*',
)
[ info ] [ PARAM ] array (
)
[ info ] [ LOG ] INIT File

---------------------------------------------------------------
[ 2018-04-07T17:03:01+08:00 ] 172.16.252.49 106.11.227.160 GET /
[ log ] sea.yuhal.com/ [运行时间：0.011514s][吞吐率：86.85req/s] [内存消耗：464.66kb] [文件加载：41]
[ info ] [ LANG ] /var/www/sea/thinkphp/lang/zh-cn.php
[ info ] [ ROUTE ] array (
  'type' => 'module',
  'module' => 
  array (
    0 => 'sea',
    1 => 'index',
    2 => 'index',
  ),
  'convert' => false,
)
[ info ] [ HEADER ] array (
  'accept-encoding' => 'gzip',
  'user-agent' => 'Mozilla/5.0 (iPad; CPU OS 9_1 like Mac OS X) AppleWebKit/601.1.46 (KHTML, like Gecko) Version/9.0 Mobile/13B143 Safari/601.1',
  'cache-control' => 'no-cache',
  'pragma' => 'no-cache',
  'host' => 'sea.yuhal.com',
  'accept' => 'text/html, image/gif, image/jpeg, *; q=.2, */*; q=.2',
  'connection' => 'keep-alive',
)
[ info ] [ PARAM ] array (
)
[ info ] [ SESSION ] INIT array (
  'prefix' => 'sea',
  'type' => 'driver\\session\\Mysql',
  'auto_start' => true,
  'table_name' => 's_session',
)
[ info ] [ DB ] INIT mysql
[ info ] [ LOG ] INIT File
[ sql ] [ DB ] CONNECT:[ UseTime:0.003394s ] mysql:dbname=yuhal;host=118.31.23.98;port=3306;charset=utf8
[ sql ] [ SQL ] SELECT session_data FROM yh_s_session WHERE session_id = 'think_0js2ekrv8pmet89b1v22qtcii7' AND session_expire > '1523091781' [ RunTime:0.003312s ]

---------------------------------------------------------------
[ 2018-04-07T17:03:01+08:00 ] 172.16.252.49 106.11.227.160 GET /login.html
[ log ] sea.yuhal.com/login.html [运行时间：0.005182s][吞吐率：192.97req/s] [内存消耗：464.66kb] [文件加载：41]
[ info ] [ LANG ] /var/www/sea/thinkphp/lang/zh-cn.php
[ info ] [ ROUTE ] array (
  'type' => 'module',
  'module' => 
  array (
    0 => 'sea',
    1 => 'login',
    2 => 'index',
  ),
  'convert' => false,
)
[ info ] [ HEADER ] array (
  'cookie' => 'PHPSESSID=0js2ekrv8pmet89b1v22qtcii7',
  'accept-encoding' => 'gzip',
  'user-agent' => 'Mozilla/5.0 (iPad; CPU OS 9_1 like Mac OS X) AppleWebKit/601.1.46 (KHTML, like Gecko) Version/9.0 Mobile/13B143 Safari/601.1',
  'cache-control' => 'no-cache',
  'pragma' => 'no-cache',
  'host' => 'sea.yuhal.com',
  'accept' => 'text/html, image/gif, image/jpeg, *; q=.2, */*; q=.2',
  'connection' => 'keep-alive',
)
[ info ] [ PARAM ] array (
)
[ info ] [ RUN ] app\sea\controller\Login->index[ /var/www/sea/application/sea/controller/Login.php ]
[ info ] [ VIEW ] /var/www/sea/application/sea/view/page/login.html [ array (
) ]
[ info ] [ LOG ] INIT File

---------------------------------------------------------------
[ 2018-04-07T17:25:03+08:00 ] 172.16.252.49 188.166.91.145 GET /muieblackcat
[ log ] 118.31.23.98/muieblackcat [运行时间：0.003822s][吞吐率：261.64req/s] [内存消耗：300.08kb] [文件加载：27]
[ info ] [ LANG ] /var/www/sea/thinkphp/lang/zh-cn.php
[ info ] [ ROUTE ] array (
  'type' => 'module',
  'module' => 
  array (
    0 => 'muieblackcat',
    1 => NULL,
    2 => NULL,
  ),
)
[ info ] [ HEADER ] array (
  'accept' => '*/*',
  'accept-language' => 'en-us',
  'accept-encoding' => 'gzip, deflate',
  'host' => '118.31.23.98',
  'connection' => 'Close',
)
[ info ] [ PARAM ] array (
)
[ info ] [ LOG ] INIT File

---------------------------------------------------------------
[ 2018-04-07T20:14:28+08:00 ] 172.16.252.49 80.82.78.50 GET http://www.baidu.com/cache/global/img/gs.gif
[ log ] www.baidu.comhttp://www.baidu.com/cache/global/img/gs.gif [运行时间：0.003653s][吞吐率：273.74req/s] [内存消耗：299.54kb] [文件加载：27]
[ info ] [ LANG ] /var/www/sea/thinkphp/lang/zh-cn.php
[ info ] [ ROUTE ] array (
  'type' => 'module',
  'module' => 
  array (
    0 => 'cache',
    1 => 'global',
    2 => 'img',
  ),
)
[ info ] [ HEADER ] array (
  'host' => 'www.baidu.com',
  'user-agent' => 'Mozilla',
  'if-modified-since' => 'Thu, 19 Apr 2012 09:51:20 GMT',
)
[ info ] [ PARAM ] array (
)
[ info ] [ LOG ] INIT File

---------------------------------------------------------------
