[ 2018-04-09T01:47:30+08:00 ] 172.16.252.49 47.104.131.39 CONNECT www.baidu.com:443
[ log ] www.baidu.com:443www.baidu.com:443 [运行时间：0.003710s][吞吐率：269.54req/s] [内存消耗：298.19kb] [文件加载：28]
[ info ] [ LANG ] /var/www/sea/thinkphp/lang/zh-cn.php
[ info ] [ LOG ] INIT File
[ error ] [8]未定义数组索引: connect[/var/www/sea/thinkphp/library/think/Route.php:844]

---------------------------------------------------------------
[ 2018-04-09T02:22:00+08:00 ] 172.16.252.49 47.93.132.1 GET /
[ log ] 114.55.93.13:2049/ [运行时间：0.009815s][吞吐率：101.89req/s] [内存消耗：463.56kb] [文件加载：41]
[ info ] [ LANG ] /var/www/sea/thinkphp/lang/zh-cn.php
[ info ] [ ROUTE ] array (
  'type' => 'module',
  'module' => 
  array (
    0 => 'sea',
    1 => 'index',
    2 => 'index',
  ),
  'convert' => false,
)
[ info ] [ HEADER ] array (
  'host' => '114.55.93.13:2049',
  'connection' => 'Close',
  'accept-encoding' => 'identity',
)
[ info ] [ PARAM ] array (
)
[ info ] [ SESSION ] INIT array (
  'prefix' => 'sea',
  'type' => 'driver\\session\\Mysql',
  'auto_start' => true,
  'table_name' => 's_session',
)
[ info ] [ DB ] INIT mysql
[ info ] [ LOG ] INIT File
[ sql ] [ DB ] CONNECT:[ UseTime:0.003330s ] mysql:dbname=yuhal;host=118.31.23.98;port=3306;charset=utf8
[ sql ] [ SQL ] SELECT session_data FROM yh_s_session WHERE session_id = 'think_dncpn7bebnp6o1ji480nimnbs5' AND session_expire > '1523211720' [ RunTime:0.002309s ]

---------------------------------------------------------------
[ 2018-04-09T05:51:00+08:00 ] 172.16.252.49 92.114.32.70 PROPFIND /
[ log ] localhost/ [运行时间：0.003844s][吞吐率：260.16req/s] [内存消耗：298.27kb] [文件加载：28]
[ info ] [ LANG ] /var/www/sea/thinkphp/lang/zh-cn.php
[ info ] [ LOG ] INIT File
[ error ] [8]未定义数组索引: propfind[/var/www/sea/thinkphp/library/think/Route.php:844]

---------------------------------------------------------------
[ 2018-04-09T05:51:01+08:00 ] 172.16.252.49 92.114.32.70 POST /wls-wsat/CoordinatorPortType
[ log ] 118.31.23.98:80/wls-wsat/CoordinatorPortType [运行时间：0.003658s][吞吐率：273.37req/s] [内存消耗：301.80kb] [文件加载：27]
[ info ] [ LANG ] /var/www/sea/thinkphp/lang/zh-cn.php
[ info ] [ ROUTE ] array (
  'type' => 'module',
  'module' => 
  array (
    0 => 'wls-wsat',
    1 => 'CoordinatorPortType',
    2 => NULL,
  ),
)
[ info ] [ HEADER ] array (
  'host' => '118.31.23.98:80',
  'user-agent' => 'Mozilla/5.0 (Windows NT 6.1; rv:5.0) Gecko/20100101 Firefox/5.0',
  'connection' => 'Close',
  'content-type' => 'text/xml',
  'content-length' => '1214',
)
[ info ] [ PARAM ] array (
)
[ info ] [ LOG ] INIT File

---------------------------------------------------------------
[ 2018-04-09T10:34:42+08:00 ] 172.16.252.49 205.209.159.33 GET /
[ log ] 118.31.23.98:443/ [运行时间：0.010648s][吞吐率：93.91req/s] [内存消耗：463.88kb] [文件加载：41]
[ info ] [ LANG ] /var/www/sea/thinkphp/lang/zh-cn.php
[ info ] [ ROUTE ] array (
  'type' => 'module',
  'module' => 
  array (
    0 => 'sea',
    1 => 'index',
    2 => 'index',
  ),
  'convert' => false,
)
[ info ] [ HEADER ] array (
  'host' => '118.31.23.98:443',
  'accept-encoding' => 'gzip, deflate, compress',
  'accept' => '*/*',
  'user-agent' => 'python-requests/2.2.1 CPython/2.7.6 Linux/3.10.0-327.el7.x86_64',
)
[ info ] [ PARAM ] array (
)
[ info ] [ SESSION ] INIT array (
  'prefix' => 'sea',
  'type' => 'driver\\session\\Mysql',
  'auto_start' => true,
  'table_name' => 's_session',
)
[ info ] [ DB ] INIT mysql
[ info ] [ LOG ] INIT File
[ sql ] [ DB ] CONNECT:[ UseTime:0.003367s ] mysql:dbname=yuhal;host=118.31.23.98;port=3306;charset=utf8
[ sql ] [ SQL ] SELECT session_data FROM yh_s_session WHERE session_id = 'think_4mmq4i8m9mma8rm6d4difq8ft2' AND session_expire > '1523241282' [ RunTime:0.002393s ]

---------------------------------------------------------------
[ 2018-04-09T10:34:42+08:00 ] 172.16.252.49 205.209.159.33 GET /login.html
[ log ] 118.31.23.98:443/login.html [运行时间：0.005493s][吞吐率：182.05req/s] [内存消耗：463.59kb] [文件加载：41]
[ info ] [ LANG ] /var/www/sea/thinkphp/lang/zh-cn.php
[ info ] [ ROUTE ] array (
  'type' => 'module',
  'module' => 
  array (
    0 => 'sea',
    1 => 'login',
    2 => 'index',
  ),
  'convert' => false,
)
[ info ] [ HEADER ] array (
  'host' => '118.31.23.98:443',
  'cookie' => 'PHPSESSID=4mmq4i8m9mma8rm6d4difq8ft2',
  'accept-encoding' => 'gzip, deflate, compress',
  'accept' => '*/*',
  'user-agent' => 'python-requests/2.2.1 CPython/2.7.6 Linux/3.10.0-327.el7.x86_64',
)
[ info ] [ PARAM ] array (
)
[ info ] [ RUN ] app\sea\controller\Login->index[ /var/www/sea/application/sea/controller/Login.php ]
[ info ] [ VIEW ] /var/www/sea/application/sea/view/page/login.html [ array (
) ]
[ info ] [ LOG ] INIT File

---------------------------------------------------------------
[ 2018-04-09T11:55:52+08:00 ] 172.16.252.49 167.99.138.182 GET /
[ log ] 118.31.23.98:80/ [运行时间：0.010200s][吞吐率：98.04req/s] [内存消耗：463.67kb] [文件加载：41]
[ info ] [ LANG ] /var/www/sea/thinkphp/lang/zh-cn.php
[ info ] [ ROUTE ] array (
  'type' => 'module',
  'module' => 
  array (
    0 => 'sea',
    1 => 'index',
    2 => 'index',
  ),
  'convert' => false,
)
[ info ] [ HEADER ] array (
  'host' => '118.31.23.98:80',
  'user-agent' => 'Mozilla/5.0 (Macintosh; Intel Mac OS X 10_13_1) AppleWebKit/537.36 (KHTML, like Gecko) Chrome/64.0.3282.140 Safari/537.36',
  'accept-encoding' => 'gzip',
)
[ info ] [ PARAM ] array (
)
[ info ] [ SESSION ] INIT array (
  'prefix' => 'sea',
  'type' => 'driver\\session\\Mysql',
  'auto_start' => true,
  'table_name' => 's_session',
)
[ info ] [ DB ] INIT mysql
[ info ] [ LOG ] INIT File
[ sql ] [ DB ] CONNECT:[ UseTime:0.003211s ] mysql:dbname=yuhal;host=118.31.23.98;port=3306;charset=utf8
[ sql ] [ SQL ] SELECT session_data FROM yh_s_session WHERE session_id = 'think_03eo44bt4q81s8mf563p51u1h5' AND session_expire > '1523246152' [ RunTime:0.002478s ]

---------------------------------------------------------------
[ 2018-04-09T11:55:53+08:00 ] 172.16.252.49 167.99.138.182 GET /login.html
[ log ] 118.31.23.98:80/login.html [运行时间：0.004656s][吞吐率：214.77req/s] [内存消耗：463.09kb] [文件加载：41]
[ info ] [ LANG ] /var/www/sea/thinkphp/lang/zh-cn.php
[ info ] [ ROUTE ] array (
  'type' => 'module',
  'module' => 
  array (
    0 => 'sea',
    1 => 'login',
    2 => 'index',
  ),
  'convert' => false,
)
[ info ] [ HEADER ] array (
  'host' => '118.31.23.98:80',
  'user-agent' => 'Mozilla/5.0 (Macintosh; Intel Mac OS X 10_13_1) AppleWebKit/537.36 (KHTML, like Gecko) Chrome/64.0.3282.140 Safari/537.36',
  'referer' => 'http://118.31.23.98:80',
  'accept-encoding' => 'gzip',
)
[ info ] [ PARAM ] array (
)
[ info ] [ RUN ] app\sea\controller\Login->index[ /var/www/sea/application/sea/controller/Login.php ]
[ info ] [ VIEW ] /var/www/sea/application/sea/view/page/login.html [ array (
) ]
[ info ] [ LOG ] INIT File

---------------------------------------------------------------
[ 2018-04-09T12:09:42+08:00 ] 172.16.252.49 54.196.149.79 GET /
[ log ] 118.31.23.98/ [运行时间：0.011396s][吞吐率：87.75req/s] [内存消耗：463.90kb] [文件加载：41]
[ info ] [ LANG ] /var/www/sea/thinkphp/lang/zh-cn.php
[ info ] [ ROUTE ] array (
  'type' => 'module',
  'module' => 
  array (
    0 => 'sea',
    1 => 'index',
    2 => 'index',
  ),
  'convert' => false,
)
[ info ] [ HEADER ] array (
  'host' => '118.31.23.98',
  'connection' => 'close, close',
  'accept-encoding' => 'gzip',
  'user-agent' => 'Mozilla/5.0 (Macintosh; Intel Mac OS X 10_11_5) AppleWebKit/537.36 (KHTML, like Gecko) Chrome/50.0.2661.102 Safari/537.36',
)
[ info ] [ PARAM ] array (
)
[ info ] [ SESSION ] INIT array (
  'prefix' => 'sea',
  'type' => 'driver\\session\\Mysql',
  'auto_start' => true,
  'table_name' => 's_session',
)
[ info ] [ DB ] INIT mysql
[ info ] [ LOG ] INIT File
[ sql ] [ DB ] CONNECT:[ UseTime:0.004148s ] mysql:dbname=yuhal;host=118.31.23.98;port=3306;charset=utf8
[ sql ] [ SQL ] SELECT session_data FROM yh_s_session WHERE session_id = 'think_cpqk48mgcn6vt47vc0orgh2n73' AND session_expire > '1523246982' [ RunTime:0.002950s ]

---------------------------------------------------------------
[ 2018-04-09T14:05:26+08:00 ] 172.16.252.49 116.226.219.174 GET /
[ log ] 118.31.23.98/ [运行时间：0.010346s][吞吐率：96.66req/s] [内存消耗：464.95kb] [文件加载：41]
[ info ] [ LANG ] /var/www/sea/thinkphp/lang/zh-cn.php
[ info ] [ ROUTE ] array (
  'type' => 'module',
  'module' => 
  array (
    0 => 'sea',
    1 => 'index',
    2 => 'index',
  ),
  'convert' => false,
)
[ info ] [ HEADER ] array (
  'host' => '118.31.23.98',
  'connection' => 'keep-alive',
  'upgrade-insecure-requests' => '1',
  'user-agent' => 'Mozilla/5.0 (Macintosh; Intel Mac OS X 10_13_3) AppleWebKit/537.36 (KHTML, like Gecko) Chrome/65.0.3325.181 Safari/537.36',
  'accept' => 'text/html,application/xhtml+xml,application/xml;q=0.9,image/webp,image/apng,*/*;q=0.8',
  'accept-encoding' => 'gzip, deflate',
  'accept-language' => 'zh-CN,zh;q=0.9,en;q=0.8',
  'cookie' => 'PHPSESSID=r1bt8602m9n8r97fphu784sfr7',
)
[ info ] [ PARAM ] array (
)
[ info ] [ SESSION ] INIT array (
  'prefix' => 'sea',
  'type' => 'driver\\session\\Mysql',
  'auto_start' => true,
  'table_name' => 's_session',
)
[ info ] [ DB ] INIT mysql
[ info ] [ LOG ] INIT File
[ sql ] [ DB ] CONNECT:[ UseTime:0.003552s ] mysql:dbname=yuhal;host=118.31.23.98;port=3306;charset=utf8
[ sql ] [ SQL ] SELECT session_data FROM yh_s_session WHERE session_id = 'think_r1bt8602m9n8r97fphu784sfr7' AND session_expire > '1523253926' [ RunTime:0.002468s ]

---------------------------------------------------------------
[ 2018-04-09T14:05:26+08:00 ] 172.16.252.49 116.226.219.174 GET /login.html
[ log ] 118.31.23.98/login.html [运行时间：0.004538s][吞吐率：220.36req/s] [内存消耗：464.77kb] [文件加载：41]
[ info ] [ LANG ] /var/www/sea/thinkphp/lang/zh-cn.php
[ info ] [ ROUTE ] array (
  'type' => 'module',
  'module' => 
  array (
    0 => 'sea',
    1 => 'login',
    2 => 'index',
  ),
  'convert' => false,
)
[ info ] [ HEADER ] array (
  'host' => '118.31.23.98',
  'connection' => 'keep-alive',
  'upgrade-insecure-requests' => '1',
  'user-agent' => 'Mozilla/5.0 (Macintosh; Intel Mac OS X 10_13_3) AppleWebKit/537.36 (KHTML, like Gecko) Chrome/65.0.3325.181 Safari/537.36',
  'accept' => 'text/html,application/xhtml+xml,application/xml;q=0.9,image/webp,image/apng,*/*;q=0.8',
  'accept-encoding' => 'gzip, deflate',
  'accept-language' => 'zh-CN,zh;q=0.9,en;q=0.8',
  'cookie' => 'PHPSESSID=r1bt8602m9n8r97fphu784sfr7',
)
[ info ] [ PARAM ] array (
)
[ info ] [ RUN ] app\sea\controller\Login->index[ /var/www/sea/application/sea/controller/Login.php ]
[ info ] [ VIEW ] /var/www/sea/application/sea/view/page/login.html [ array (
) ]
[ info ] [ LOG ] INIT File

---------------------------------------------------------------
[ 2018-04-09T14:05:26+08:00 ] 172.16.252.49 116.226.219.174 GET /static/font/roboto/Roboto-Regular.woff
[ log ] 118.31.23.98/static/font/roboto/Roboto-Regular.woff [运行时间：0.003903s][吞吐率：256.22req/s] [内存消耗：301.98kb] [文件加载：27]
[ info ] [ LANG ] /var/www/sea/thinkphp/lang/zh-cn.php
[ info ] [ ROUTE ] array (
  'type' => 'module',
  'module' => 
  array (
    0 => 'static',
    1 => 'font',
    2 => 'roboto',
  ),
)
[ info ] [ HEADER ] array (
  'host' => '118.31.23.98',
  'connection' => 'keep-alive',
  'origin' => 'http://118.31.23.98',
  'user-agent' => 'Mozilla/5.0 (Macintosh; Intel Mac OS X 10_13_3) AppleWebKit/537.36 (KHTML, like Gecko) Chrome/65.0.3325.181 Safari/537.36',
  'accept' => '*/*',
  'referer' => 'http://118.31.23.98/static/css/materialize.css',
  'accept-encoding' => 'gzip, deflate',
  'accept-language' => 'zh-CN,zh;q=0.9,en;q=0.8',
  'cookie' => 'PHPSESSID=r1bt8602m9n8r97fphu784sfr7',
)
[ info ] [ PARAM ] array (
)
[ info ] [ LOG ] INIT File

---------------------------------------------------------------
[ 2018-04-09T14:05:36+08:00 ] 172.16.252.49 116.226.219.174 GET /oauthlogin
[ log ] 118.31.23.98/oauthlogin [运行时间：0.005032s][吞吐率：198.73req/s] [内存消耗：457.30kb] [文件加载：40]
[ info ] [ LANG ] /var/www/sea/thinkphp/lang/zh-cn.php
[ info ] [ ROUTE ] array (
  'type' => 'module',
  'module' => 
  array (
    0 => 'sea',
    1 => 'login',
    2 => 'oauthlogin',
  ),
  'convert' => false,
)
[ info ] [ HEADER ] array (
  'host' => '118.31.23.98',
  'connection' => 'keep-alive',
  'upgrade-insecure-requests' => '1',
  'user-agent' => 'Mozilla/5.0 (Macintosh; Intel Mac OS X 10_13_3) AppleWebKit/537.36 (KHTML, like Gecko) Chrome/65.0.3325.181 Safari/537.36',
  'accept' => 'text/html,application/xhtml+xml,application/xml;q=0.9,image/webp,image/apng,*/*;q=0.8',
  'referer' => 'http://118.31.23.98/login.html',
  'accept-encoding' => 'gzip, deflate',
  'accept-language' => 'zh-CN,zh;q=0.9,en;q=0.8',
  'cookie' => 'PHPSESSID=r1bt8602m9n8r97fphu784sfr7',
)
[ info ] [ PARAM ] array (
)
[ info ] [ RUN ] app\sea\controller\Login->oauthlogin[ /var/www/sea/application/sea/controller/Login.php ]
[ info ] [ VIEW ] /var/www/sea/application/sea/view/page/oauthlogin.html [ array (
  0 => 'redirect_url',
) ]
[ info ] [ LOG ] INIT File

---------------------------------------------------------------
[ 2018-04-09T14:05:36+08:00 ] 172.16.252.49 116.226.219.174 GET /static/font/roboto/Roboto-Regular.woff
[ log ] 118.31.23.98/static/font/roboto/Roboto-Regular.woff [运行时间：0.004374s][吞吐率：228.62req/s] [内存消耗：301.98kb] [文件加载：27]
[ info ] [ LANG ] /var/www/sea/thinkphp/lang/zh-cn.php
[ info ] [ ROUTE ] array (
  'type' => 'module',
  'module' => 
  array (
    0 => 'static',
    1 => 'font',
    2 => 'roboto',
  ),
)
[ info ] [ HEADER ] array (
  'host' => '118.31.23.98',
  'connection' => 'keep-alive',
  'origin' => 'http://118.31.23.98',
  'user-agent' => 'Mozilla/5.0 (Macintosh; Intel Mac OS X 10_13_3) AppleWebKit/537.36 (KHTML, like Gecko) Chrome/65.0.3325.181 Safari/537.36',
  'accept' => '*/*',
  'referer' => 'http://118.31.23.98/static/css/materialize.css',
  'accept-encoding' => 'gzip, deflate',
  'accept-language' => 'zh-CN,zh;q=0.9,en;q=0.8',
  'cookie' => 'PHPSESSID=r1bt8602m9n8r97fphu784sfr7',
)
[ info ] [ PARAM ] array (
)
[ info ] [ LOG ] INIT File

---------------------------------------------------------------
[ 2018-04-09T16:31:54+08:00 ] 172.16.252.49 80.82.78.50 GET http://www.baidu.com/cache/global/img/gs.gif
[ log ] www.baidu.comhttp://www.baidu.com/cache/global/img/gs.gif [运行时间：0.003831s][吞吐率：261.02req/s] [内存消耗：299.54kb] [文件加载：27]
[ info ] [ LANG ] /var/www/sea/thinkphp/lang/zh-cn.php
[ info ] [ ROUTE ] array (
  'type' => 'module',
  'module' => 
  array (
    0 => 'cache',
    1 => 'global',
    2 => 'img',
  ),
)
[ info ] [ HEADER ] array (
  'host' => 'www.baidu.com',
  'user-agent' => 'Mozilla',
  'if-modified-since' => 'Thu, 19 Apr 2012 09:51:20 GMT',
)
[ info ] [ PARAM ] array (
)
[ info ] [ LOG ] INIT File

---------------------------------------------------------------
[ 2018-04-09T17:14:42+08:00 ] 172.16.252.49 106.11.225.217 GET /
[ log ] sea.yuhal.com/ [运行时间：0.011729s][吞吐率：85.26req/s] [内存消耗：464.66kb] [文件加载：41]
[ info ] [ LANG ] /var/www/sea/thinkphp/lang/zh-cn.php
[ info ] [ ROUTE ] array (
  'type' => 'module',
  'module' => 
  array (
    0 => 'sea',
    1 => 'index',
    2 => 'index',
  ),
  'convert' => false,
)
[ info ] [ HEADER ] array (
  'accept-encoding' => 'gzip',
  'user-agent' => 'Mozilla/5.0 (iPad; CPU OS 9_1 like Mac OS X) AppleWebKit/601.1.46 (KHTML, like Gecko) Version/9.0 Mobile/13B143 Safari/601.1',
  'cache-control' => 'no-cache',
  'pragma' => 'no-cache',
  'host' => 'sea.yuhal.com',
  'accept' => 'text/html, image/gif, image/jpeg, *; q=.2, */*; q=.2',
  'connection' => 'keep-alive',
)
[ info ] [ PARAM ] array (
)
[ info ] [ SESSION ] INIT array (
  'prefix' => 'sea',
  'type' => 'driver\\session\\Mysql',
  'auto_start' => true,
  'table_name' => 's_session',
)
[ info ] [ DB ] INIT mysql
[ info ] [ LOG ] INIT File
[ sql ] [ DB ] CONNECT:[ UseTime:0.004148s ] mysql:dbname=yuhal;host=118.31.23.98;port=3306;charset=utf8
[ sql ] [ SQL ] SELECT session_data FROM yh_s_session WHERE session_id = 'think_isft9e576et9shviml677tk2b5' AND session_expire > '1523265282' [ RunTime:0.002866s ]

---------------------------------------------------------------
[ 2018-04-09T17:14:42+08:00 ] 172.16.252.49 106.11.225.217 GET /login.html
[ log ] sea.yuhal.com/login.html [运行时间：0.004535s][吞吐率：220.51req/s] [内存消耗：464.66kb] [文件加载：41]
[ info ] [ LANG ] /var/www/sea/thinkphp/lang/zh-cn.php
[ info ] [ ROUTE ] array (
  'type' => 'module',
  'module' => 
  array (
    0 => 'sea',
    1 => 'login',
    2 => 'index',
  ),
  'convert' => false,
)
[ info ] [ HEADER ] array (
  'cookie' => 'PHPSESSID=isft9e576et9shviml677tk2b5',
  'accept-encoding' => 'gzip',
  'user-agent' => 'Mozilla/5.0 (iPad; CPU OS 9_1 like Mac OS X) AppleWebKit/601.1.46 (KHTML, like Gecko) Version/9.0 Mobile/13B143 Safari/601.1',
  'cache-control' => 'no-cache',
  'pragma' => 'no-cache',
  'host' => 'sea.yuhal.com',
  'accept' => 'text/html, image/gif, image/jpeg, *; q=.2, */*; q=.2',
  'connection' => 'keep-alive',
)
[ info ] [ PARAM ] array (
)
[ info ] [ RUN ] app\sea\controller\Login->index[ /var/www/sea/application/sea/controller/Login.php ]
[ info ] [ VIEW ] /var/www/sea/application/sea/view/page/login.html [ array (
) ]
[ info ] [ LOG ] INIT File

---------------------------------------------------------------
[ 2018-04-09T18:24:46+08:00 ] 172.16.252.49 187.37.65.199 GET /hndUnblock.cgi
[ log ] 118.31.23.98/hndUnblock.cgi [运行时间：0.003514s][吞吐率：284.57req/s] [内存消耗：299.35kb] [文件加载：27]
[ info ] [ LANG ] /var/www/sea/thinkphp/lang/zh-cn.php
[ info ] [ ROUTE ] array (
  'type' => 'module',
  'module' => 
  array (
    0 => 'hndUnblock.cgi',
    1 => NULL,
    2 => NULL,
  ),
)
[ info ] [ HEADER ] array (
  'accept' => '*/*',
  'host' => '118.31.23.98',
  'user-agent' => 'Wget(linux)',
)
[ info ] [ PARAM ] array (
)
[ info ] [ LOG ] INIT File

---------------------------------------------------------------
[ 2018-04-09T18:24:51+08:00 ] 172.16.252.49 187.37.65.199 GET /tmUnblock.cgi
[ log ] 118.31.23.98/tmUnblock.cgi [运行时间：0.003456s][吞吐率：289.36req/s] [内存消耗：299.33kb] [文件加载：27]
[ info ] [ LANG ] /var/www/sea/thinkphp/lang/zh-cn.php
[ info ] [ ROUTE ] array (
  'type' => 'module',
  'module' => 
  array (
    0 => 'tmUnblock.cgi',
    1 => NULL,
    2 => NULL,
  ),
)
[ info ] [ HEADER ] array (
  'accept' => '*/*',
  'host' => '118.31.23.98',
  'user-agent' => 'Wget(linux)',
)
[ info ] [ PARAM ] array (
)
[ info ] [ LOG ] INIT File

---------------------------------------------------------------
[ 2018-04-09T18:24:55+08:00 ] 172.16.252.49 187.37.65.199 GET /moo
[ log ] 118.31.23.98/moo [运行时间：0.003607s][吞吐率：277.24req/s] [内存消耗：299.30kb] [文件加载：27]
[ info ] [ LANG ] /var/www/sea/thinkphp/lang/zh-cn.php
[ info ] [ ROUTE ] array (
  'type' => 'module',
  'module' => 
  array (
    0 => 'moo',
    1 => NULL,
    2 => NULL,
  ),
)
[ info ] [ HEADER ] array (
  'accept' => '*/*',
  'host' => '118.31.23.98',
  'user-agent' => 'Wget(linux)',
)
[ info ] [ PARAM ] array (
)
[ info ] [ LOG ] INIT File

---------------------------------------------------------------
[ 2018-04-09T18:24:59+08:00 ] 172.16.252.49 187.37.65.199 GET /
[ log ] 118.31.23.98/ [运行时间：0.011304s][吞吐率：88.47req/s] [内存消耗：463.51kb] [文件加载：41]
[ info ] [ LANG ] /var/www/sea/thinkphp/lang/zh-cn.php
[ info ] [ ROUTE ] array (
  'type' => 'module',
  'module' => 
  array (
    0 => 'sea',
    1 => 'index',
    2 => 'index',
  ),
  'convert' => false,
)
[ info ] [ HEADER ] array (
  'accept' => '*/*',
  'host' => '118.31.23.98',
  'user-agent' => 'Wget(linux)',
)
[ info ] [ PARAM ] array (
)
[ info ] [ SESSION ] INIT array (
  'prefix' => 'sea',
  'type' => 'driver\\session\\Mysql',
  'auto_start' => true,
  'table_name' => 's_session',
)
[ info ] [ DB ] INIT mysql
[ info ] [ LOG ] INIT File
[ sql ] [ DB ] CONNECT:[ UseTime:0.003969s ] mysql:dbname=yuhal;host=118.31.23.98;port=3306;charset=utf8
[ sql ] [ SQL ] SELECT session_data FROM yh_s_session WHERE session_id = 'think_fdftgeuu7dkj1fgccav28hlll5' AND session_expire > '1523269499' [ RunTime:0.003147s ]

---------------------------------------------------------------
[ 2018-04-09T21:30:43+08:00 ] 172.16.252.49 164.132.91.13 GET /
[ log ] 118.31.23.98/ [运行时间：0.010413s][吞吐率：96.03req/s] [内存消耗：463.61kb] [文件加载：41]
[ info ] [ LANG ] /var/www/sea/thinkphp/lang/zh-cn.php
[ info ] [ ROUTE ] array (
  'type' => 'module',
  'module' => 
  array (
    0 => 'sea',
    1 => 'index',
    2 => 'index',
  ),
  'convert' => false,
)
[ info ] [ HEADER ] array (
  'connection' => 'close',
  'user-agent' => 'Mozilla/5.0 (Windows NT 6.1) AppleWebKit/537.36 (KHTML, like Gecko) Chrome/41.0.2228.0 Safari/537.36',
  'host' => '118.31.23.98',
)
[ info ] [ PARAM ] array (
)
[ info ] [ SESSION ] INIT array (
  'prefix' => 'sea',
  'type' => 'driver\\session\\Mysql',
  'auto_start' => true,
  'table_name' => 's_session',
)
[ info ] [ DB ] INIT mysql
[ info ] [ LOG ] INIT File
[ sql ] [ DB ] CONNECT:[ UseTime:0.003434s ] mysql:dbname=yuhal;host=118.31.23.98;port=3306;charset=utf8
[ sql ] [ SQL ] SELECT session_data FROM yh_s_session WHERE session_id = 'think_unf4ep5q7ts3aliqd61jesavi5' AND session_expire > '1523280643' [ RunTime:0.002545s ]

---------------------------------------------------------------
[ 2018-04-09T21:30:45+08:00 ] 172.16.252.49 164.132.91.13 GET /login.html
[ log ] 118.31.23.98/login.html [运行时间：0.004291s][吞吐率：233.04req/s] [内存消耗：462.70kb] [文件加载：41]
[ info ] [ LANG ] /var/www/sea/thinkphp/lang/zh-cn.php
[ info ] [ ROUTE ] array (
  'type' => 'module',
  'module' => 
  array (
    0 => 'sea',
    1 => 'login',
    2 => 'index',
  ),
  'convert' => false,
)
[ info ] [ HEADER ] array (
  'connection' => 'close',
  'user-agent' => 'Mozilla/5.0 (Windows NT 6.1) AppleWebKit/537.36 (KHTML, like Gecko) Chrome/41.0.2228.0 Safari/537.36',
  'host' => '118.31.23.98',
)
[ info ] [ PARAM ] array (
)
[ info ] [ RUN ] app\sea\controller\Login->index[ /var/www/sea/application/sea/controller/Login.php ]
[ info ] [ VIEW ] /var/www/sea/application/sea/view/page/login.html [ array (
) ]
[ info ] [ LOG ] INIT File

---------------------------------------------------------------
[ 2018-04-09T22:41:20+08:00 ] 172.16.252.49 61.158.146.124 GET /HaI.php
[ log ] sea.yuhal.com/HaI.php [运行时间：0.009692s][吞吐率：103.18req/s] [内存消耗：464.66kb] [文件加载：41]
[ info ] [ LANG ] /var/www/sea/thinkphp/lang/zh-cn.php
[ info ] [ ROUTE ] array (
  'type' => 'module',
  'module' => 
  array (
    0 => 'sea',
    1 => 'index',
    2 => 'index',
  ),
  'convert' => false,
)
[ info ] [ HEADER ] array (
  'host' => 'sea.yuhal.com',
  'connection' => 'keep-alive',
  'upgrade-insecure-requests' => '1',
  'user-agent' => 'Mozilla/5.0 (Windows NT 10.0; WOW64) AppleWebKit/537.36 (KHTML, like Gecko) Chrome/65.0.3325.146 Safari/537.36',
  'accept' => 'text/html,application/xhtml+xml,application/xml;q=0.9,image/webp,image/apng,*/*;q=0.8',
  'accept-encoding' => 'gzip, deflate',
  'accept-language' => 'zh-CN,zh;q=0.9',
)
[ info ] [ PARAM ] array (
)
[ info ] [ SESSION ] INIT array (
  'prefix' => 'sea',
  'type' => 'driver\\session\\Mysql',
  'auto_start' => true,
  'table_name' => 's_session',
)
[ info ] [ DB ] INIT mysql
[ info ] [ LOG ] INIT File
[ sql ] [ DB ] CONNECT:[ UseTime:0.003092s ] mysql:dbname=yuhal;host=118.31.23.98;port=3306;charset=utf8
[ sql ] [ SQL ] SELECT session_data FROM yh_s_session WHERE session_id = 'think_f4dlk4n4dhae41ljtaf08jsp10' AND session_expire > '1523284880' [ RunTime:0.002071s ]

---------------------------------------------------------------
[ 2018-04-09T22:41:20+08:00 ] 172.16.252.49 61.158.146.124 GET /HaI.php/login.html
[ log ] sea.yuhal.com/HaI.php/login.html [运行时间：0.004662s][吞吐率：214.51req/s] [内存消耗：459.73kb] [文件加载：41]
[ info ] [ LANG ] /var/www/sea/thinkphp/lang/zh-cn.php
[ info ] [ ROUTE ] array (
  'type' => 'module',
  'module' => 
  array (
    0 => 'sea',
    1 => 'login',
    2 => 'index',
  ),
  'convert' => false,
)
[ info ] [ HEADER ] array (
  'host' => 'sea.yuhal.com',
  'connection' => 'keep-alive',
  'upgrade-insecure-requests' => '1',
  'user-agent' => 'Mozilla/5.0 (Windows NT 10.0; WOW64) AppleWebKit/537.36 (KHTML, like Gecko) Chrome/65.0.3325.146 Safari/537.36',
  'accept' => 'text/html,application/xhtml+xml,application/xml;q=0.9,image/webp,image/apng,*/*;q=0.8',
  'accept-encoding' => 'gzip, deflate',
  'accept-language' => 'zh-CN,zh;q=0.9',
  'cookie' => 'PHPSESSID=f4dlk4n4dhae41ljtaf08jsp10',
)
[ info ] [ PARAM ] array (
)
[ info ] [ RUN ] app\sea\controller\Login->index[ /var/www/sea/application/sea/controller/Login.php ]
[ info ] [ VIEW ] /var/www/sea/application/sea/view/page/login.html [ array (
) ]
[ info ] [ LOG ] INIT File

---------------------------------------------------------------
[ 2018-04-09T22:42:20+08:00 ] 172.16.252.49 112.65.193.15 GET /HaI.php/login.html
[ log ] sea.yuhal.com/HaI.php/login.html [运行时间：0.004540s][吞吐率：220.27req/s] [内存消耗：458.70kb] [文件加载：41]
[ info ] [ LANG ] /var/www/sea/thinkphp/lang/zh-cn.php
[ info ] [ ROUTE ] array (
  'type' => 'module',
  'module' => 
  array (
    0 => 'sea',
    1 => 'login',
    2 => 'index',
  ),
  'convert' => false,
)
[ info ] [ HEADER ] array (
  'user-agent' => 'Mozilla/5.0 (Windows NT 6.1; WOW64; rv:50.0) Gecko/20100101 Firefox/50.0',
  'accept' => '*/*',
  'accept-language' => 'zh-CN,zh;q=0.8,en-US;q=0.6,en;q=0.4',
  'host' => 'sea.yuhal.com',
  'connection' => 'keep-alive',
)
[ info ] [ PARAM ] array (
)
[ info ] [ RUN ] app\sea\controller\Login->index[ /var/www/sea/application/sea/controller/Login.php ]
[ info ] [ VIEW ] /var/www/sea/application/sea/view/page/login.html [ array (
) ]
[ info ] [ LOG ] INIT File

---------------------------------------------------------------
